<?xml version="1.0" encoding="UTF-8"?>
<testsuite name="com.app.server.service.humanresourceboundedcontext.payroll.CostToCompanyTestCase" tests="6" skipped="0" failures="0" errors="0" timestamp="2016-04-13T13:03:37" hostname="8f0208fcd663" time="2.751">
  <properties/>
  <testcase name="test1Save" classname="com.app.server.service.humanresourceboundedcontext.payroll.CostToCompanyTestCase" time="1.495"/>
  <testcase name="test2Update" classname="com.app.server.service.humanresourceboundedcontext.payroll.CostToCompanyTestCase" time="0.104"/>
  <testcase name="test3FindById" classname="com.app.server.service.humanresourceboundedcontext.payroll.CostToCompanyTestCase" time="0.007"/>
  <testcase name="test3findByempId" classname="com.app.server.service.humanresourceboundedcontext.payroll.CostToCompanyTestCase" time="0.009"/>
  <testcase name="test5NegativeTesting" classname="com.app.server.service.humanresourceboundedcontext.payroll.CostToCompanyTestCase" time="0.115"/>
  <testcase name="test6Delete" classname="com.app.server.service.humanresourceboundedcontext.payroll.CostToCompanyTestCase" time="1.019"/>
  <system-out><![CDATA[[EL Fine]: sql: 2016-04-13 13:03:37.657--ClientSession(391703445)--Connection(813720797)--Thread(Thread[Test worker,5,main])--INSERT INTO ast_JobType_M (jobTypeCode, jobDescOne, versionId, createdBy, createdDate, updatedBy, updatedDate, activeStatus, txnAccessCode) VALUES (?, ?, ?, ?, ?, ?, ?, ?, ?)
	bind => [4C533B85-E038-45E1-9A3F-D0C13D56C39C, cD10MFfIqg93vgq8TOXBxnTJ4Thfxoth4KWSGAcPMZBXoFxgp7, 1, AAAAA, 2016-04-13 13:03:37.654, null, 2016-04-13 13:03:37.654, 1, 51000]
[EL Fine]: sql: 2016-04-13 13:03:37.693--ClientSession(1970176452)--Connection(813720797)--Thread(Thread[Test worker,5,main])--INSERT INTO ast_Gender_M (genderId, gender, versionId, createdBy, createdDate, updatedBy, updatedDate, activeStatus, txnAccessCode) VALUES (?, ?, ?, ?, ?, ?, ?, ?, ?)
	bind => [458E18DC-AED4-492A-B083-AF33049F9776, os9f8OxaTVA2QZ37q0Qh5svpCtMBbB7oikxiwubICYxJTA6Qdz, 1, AAAAA, 2016-04-13 13:03:37.689, null, 2016-04-13 13:03:37.689, 1, 51000]
[EL Fine]: sql: 2016-04-13 13:03:37.741--ClientSession(956811238)--Connection(813720797)--Thread(Thread[Test worker,5,main])--INSERT INTO ast_Language_M (languageId, alpha2, alpha3, alpha4, alpha4parentid, language, languageDescription, languageIcon, languageType, versionId, createdBy, createdDate, updatedBy, updatedDate, activeStatus, txnAccessCode) VALUES (?, ?, ?, ?, ?, ?, ?, ?, ?, ?, ?, ?, ?, ?, ?, ?)
	bind => [A95BBD30-2389-4D1E-B7F2-F8ACF7E82AA1, xy, cWz, I72w, 3, n9fKV1cnogjvyO1GKzHYTvVSW5NmFmGuIfpm1bSCLon8eWHTqY, dLeZmStPbPdkckuOYkC3hx7J2jPNYmLBrD8vpxN3AstYWFXA9g, REbJoCm9TcsE1L8H3aWI87h0UTaakdr0uFe25UQLJwnqiT8315, 6Hk9WzNmmJXR01wCCtMYkS2P8gfSMWtI, 1, AAAAA, 2016-04-13 13:03:37.734, null, 2016-04-13 13:03:37.734, 1, 51000]
[EL Fine]: sql: 2016-04-13 13:03:37.794--ClientSession(1156729961)--Connection(813720797)--Thread(Thread[Test worker,5,main])--INSERT INTO ast_Title_M (titleId, titles, versionId, createdBy, createdDate, updatedBy, updatedDate, activeStatus, txnAccessCode) VALUES (?, ?, ?, ?, ?, ?, ?, ?, ?)
	bind => [F8AD543F-09C1-43DD-B544-B3FD46B886DF, uQE8vY6Z2BB83s4LxtJAJ4IhQklXr5traPtIKZjJRBLKImNWbW, 1, AAAAA, 2016-04-13 13:03:37.79, null, 2016-04-13 13:03:37.79, 1, 51000]
[EL Fine]: sql: 2016-04-13 13:03:37.84--ClientSession(2100829682)--Connection(813720797)--Thread(Thread[Test worker,5,main])--INSERT INTO ast_Timezone_M (timeZoneId, cities, country, gmtLabel, timeZoneLabel, utcdifference, versionId, createdBy, createdDate, updatedBy, updatedDate, activeStatus, txnAccessCode) VALUES (?, ?, ?, ?, ?, ?, ?, ?, ?, ?, ?, ?, ?)
	bind => [E23B6970-A18B-4E80-8AFA-0B1908B7C980, 1uOiC1FMaMYrXDDCQoTmSDUg8tCDAkFRVMd1T19JglsHGEg2Co, RALvyYIKqMhuGuBPA7mtTnxWv7Q8RpjmzyEX9BXfi8sa1uaAWD, VqSUkC1cLkPWktCQBXgoUKXOIXhQR3DDjoJkiI2kfwPjkfTAkG, wk3A2JoodX9GeN6H7mkTElry9YMoBzCLuLX58YOWbWyZ2KXNsi, 5, 1, AAAAA, 2016-04-13 13:03:37.734, null, 2016-04-13 13:03:37.734, 1, 51000]
[EL Fine]: sql: 2016-04-13 13:03:37.894--ClientSession(1625891373)--Connection(813720797)--Thread(Thread[Test worker,5,main])--INSERT INTO ast_CommunicationGroup_M (commGroupId, commGroupDescription, commGroupName, versionId, createdBy, createdDate, updatedBy, updatedDate, activeStatus, txnAccessCode) VALUES (?, ?, ?, ?, ?, ?, ?, ?, ?, ?)
	bind => [4231E146-3EFE-47A8-A90C-93377EA3008F, N4mhApF9iGuzHKTKIZ6pTvH6AAxBLWZfT4y8mXYg4t4zmUmVRh, P1PIL9WvSFqTbl4pFHFofmj8HgW6GxF9FMzm1DRHFMEWykiszK, 1, AAAAA, 2016-04-13 13:03:37.89, null, 2016-04-13 13:03:37.89, 1, 51000]
[EL Fine]: sql: 2016-04-13 13:03:37.95--ClientSession(1086743127)--Connection(813720797)--Thread(Thread[Test worker,5,main])--INSERT INTO ast_CommunicationType_M (commType, commGroupId, commTypeDescription, commTypeName, versionId, createdBy, createdDate, updatedBy, updatedDate, activeStatus, txnAccessCode) VALUES (?, ?, ?, ?, ?, ?, ?, ?, ?, ?, ?)
	bind => [214B65FC-2CB8-4BC4-B045-8BDB780A1AC1, 4231E146-3EFE-47A8-A90C-93377EA3008F, ria2IlaXVP8fvBQNLCvoRqxeR9TP0JjCKOktPAL4x5rWfdtOLj, CwFht8lsGREYwdWY1XG55NdfJAPO3NNNH7tqVdcIVtLEmhfKW9, 1, AAAAA, 2016-04-13 13:03:37.89, null, 2016-04-13 13:03:37.89, 1, 51000]
[EL Fine]: sql: 2016-04-13 13:03:37.998--ClientSession(1423329418)--Connection(813720797)--Thread(Thread[Test worker,5,main])--INSERT INTO ast_AddressType_M (addressTypeId, addressType, addressTypeDesc, addressTypeIcon, versionId, createdBy, createdDate, updatedBy, updatedDate, activeStatus, txnAccessCode) VALUES (?, ?, ?, ?, ?, ?, ?, ?, ?, ?, ?)
	bind => [C013845B-9C8B-44F7-99C0-18C674898DB1, GimZQgzXSkRPaQSWTerN2GJkdvHzQM1jmaSfKZTBUt59120LnC, yboMfqWvyjEgjCNMJRyHwzpImsAMstr1RcUFpl6IpdrfXAvKd4, otxfoQH3IYcGV6iv6He4XIYioonna1GKo9QoluHbiNGf2xLsKP, 1, AAAAA, 2016-04-13 13:03:37.99, null, 2016-04-13 13:03:37.99, 1, 51000]
[EL Fine]: sql: 2016-04-13 13:03:38.052--ClientSession(1131533428)--Connection(813720797)--Thread(Thread[Test worker,5,main])--INSERT INTO ast_Country_M (countryId, capital, capitalLatitude, capitalLongitude, countryCode1, countryCode2, countryFlag, countryName, currencyCode, currencyName, currencySymbol, isoNumeric, versionId, createdBy, createdDate, updatedBy, updatedDate, activeStatus, txnAccessCode) VALUES (?, ?, ?, ?, ?, ?, ?, ?, ?, ?, ?, ?, ?, ?, ?, ?, ?, ?, ?)
	bind => [E77B8073-E826-4472-A921-51387236CDCD, fGok7Hu3Nq4U6K2YSxjns5QNYgysAuDU, 7, 4, Se0, wax, 4HbGrh49reUr2RM7CGKghyekOIurqFtzxjfIhRYzdcCKUATFOg, p9TiP2PanpwFt3ttG6wyguv1nwjfkNPZCVIv9ezay9mRzIp3xf, L6Q, otVFMncWAJqJW6LUoqyHm3nq6jZ5GKOL9CO5jv3RYHOMcxBcUQ, TCjjgSwp026ndypmxiLgyPMSFsb7jSpn, 259, 1, AAAAA, 2016-04-13 13:03:38.045, null, 2016-04-13 13:03:38.045, 1, 51000]
[EL Fine]: sql: 2016-04-13 13:03:38.11--ClientSession(1511226379)--Connection(813720797)--Thread(Thread[Test worker,5,main])--INSERT INTO ast_State_M (stateId, countryId, stateCapital, stateCapitalLatitude, stateCapitalLongitude, stateCode, stateCodeChar2, stateCodeChar3, stateDescription, stateFlag, stateName, versionId, createdBy, createdDate, updatedBy, updatedDate, activeStatus, txnAccessCode) VALUES (?, ?, ?, ?, ?, ?, ?, ?, ?, ?, ?, ?, ?, ?, ?, ?, ?, ?)
	bind => [03D66220-4ADD-49B8-AE1A-843CAEF8685C, E77B8073-E826-4472-A921-51387236CDCD, QxshaxUv4nWU5DEGeoipx9BMxgg4TRoRxXc4m1WayjLmN45cTQ, 3, 8, 2, mdH7UZbUrOpeL3fyEHsmlPICGPogONOi, 1uPPRno8apzuKuk2PwacFrsmR5nLjMOt, 10MsPLbiUZvOW9sd23HUGI598qTDDDJmTZ16FyeLml4hZNUfaY, 8LNeYQTryFxVEmU3P1vpaPOVyJCkPzEIP1iDrUxh0xdlJEgNIO, f1zxJtx2LUNrZVsLE05K9pLYC9X2HQzWA0aWn6JV10VRLoXzc8, 1, AAAAA, 2016-04-13 13:03:38.101, null, 2016-04-13 13:03:38.101, 1, 51000]
[EL Fine]: sql: 2016-04-13 13:03:38.162--ClientSession(636859818)--Connection(813720797)--Thread(Thread[Test worker,5,main])--INSERT INTO ast_City_M (cityId, cityCode, cityCodeChar2, cityDescription, cityFlag, cityLatitude, cityLongitude, cityName, countryId, stateId, versionId, createdBy, createdDate, updatedBy, updatedDate, activeStatus, txnAccessCode) VALUES (?, ?, ?, ?, ?, ?, ?, ?, ?, ?, ?, ?, ?, ?, ?, ?, ?)
	bind => [E92CD4D1-9FA0-4B46-BAB1-57D27DDA2220, 1, r2190gS9qUc9BeDzIzx1aHEOFEzmTOcG, 4ifPCXEW6SPKTzNPWg1mU2GlqfUZ3aP5BmuAwVfi74Q7mKddXP, tOxY8XFaChiwEiSLqPANY4xIJvU7ssI0VvqpcfAPDIxkaS9CNB, 3, 2, V9SST9iAUfLZlv4SUzjYBJ8EzGiXRMI3lfpwABFiRRhKSZNnLp, E77B8073-E826-4472-A921-51387236CDCD, 03D66220-4ADD-49B8-AE1A-843CAEF8685C, 1, AAAAA, 2016-04-13 13:03:38.045, null, 2016-04-13 13:03:38.045, 1, 51000]
[EL Fine]: sql: 2016-04-13 13:03:38.275--ClientSession(1277255453)--Connection(813720797)--Thread(Thread[Test worker,5,main])--INSERT INTO ast_DesignationType_M (designatnTypeCode, designatnTypeDesc, versionId, createdBy, createdDate, updatedBy, updatedDate, activeStatus, txnAccessCode) VALUES (?, ?, ?, ?, ?, ?, ?, ?, ?)
	bind => [CABE3F55-2C7F-4A28-A3B9-0E20D1CFC899, 7cBmCk8cK4PedIj4aBpSjiemFnwEwzc9U0ZSwiWAiRAbzKTu4P, 1, AAAAA, 2016-04-13 13:03:38.272, null, 2016-04-13 13:03:38.272, 1, 51000]
[EL Fine]: sql: 2016-04-13 13:03:38.347--ClientSession(474129271)--Connection(813720797)--Thread(Thread[Test worker,5,main])--INSERT INTO ast_DepartmentType_M (deptTypeCode, deptTypeDesc, versionId, createdBy, createdDate, updatedBy, updatedDate, activeStatus, txnAccessCode) VALUES (?, ?, ?, ?, ?, ?, ?, ?, ?)
	bind => [EE90D6F1-08EE-44C1-A6E7-425C85CF878D, RT6amwRFbpljz0fIevo5Fx5Ybh2eBbER0lASs0pMKBVbSvOQnR, 1, AAAAA, 2016-04-13 13:03:38.345, null, 2016-04-13 13:03:38.345, 1, 51000]
[EL Fine]: sql: 2016-04-13 13:03:38.398--ClientSession(1197781790)--Connection(813720797)--Thread(Thread[Test worker,5,main])--SELECT timeZoneId FROM ast_Timezone_M WHERE (timeZoneId = ?)
	bind => [E23B6970-A18B-4E80-8AFA-0B1908B7C980]
[EL Fine]: sql: 2016-04-13 13:03:38.4--ClientSession(1197781790)--Connection(813720797)--Thread(Thread[Test worker,5,main])--INSERT INTO ast_CoreContacts_T (contactId, age, approximateDOB, dateofbirth, emailId, firstName, genderId, lastName, middleName, nativeFirstName, nativeLanguageCode, nativeLastName, nativeMiddleName, nativeTitle, phoneNumber, titleId, versionId, createdBy, createdDate, updatedBy, updatedDate, activeStatus, txnAccessCode, timeZoneId) VALUES (?, ?, ?, ?, ?, ?, ?, ?, ?, ?, ?, ?, ?, ?, ?, ?, ?, ?, ?, ?, ?, ?, ?, ?)
	bind => [1000445C-BC06-489C-B04C-BF3E97524C48, 107, 2016-04-13 10:45:04.748, 2016-04-13 10:45:04.842, mqmIkiJ93hHPXp5dMQXHuMdOxAbkqfvR5hwSarMMzO8Z4Jvwr0, XFBEWT4xlIeuQ4TRIqdQj1OTUe3ZiNsGAcKt3qIAZc5Xou3DMg, 458E18DC-AED4-492A-B083-AF33049F9776, 3k1zfjdlO1YGij2W1t4bbfkxkpcI8VUKBgGoDqgK6k4SD3LJQV, vg7XXvHdXjKtYVjbuSuIfVW549ON982WAxk0kvwAD8jIyT0l1d, W9mEyJWVFQrDwRAeS6A5HBaRMSF2Dz1neju4bZ50rnAXletw47, A95BBD30-2389-4D1E-B7F2-F8ACF7E82AA1, a5VgBSE5WMqVS0bE1pmZjq6ESAqrZAglNhrOmTpeEWa9O1K7h0, 7ouvEkyQKG0VQA7MjH51ep9yXDW3NLRgHBqrZgL6TEkYatuc37, MXZU6k20BDMv2nKfe01cCHnrH58yfCKlrxNjlSTR45qjzZPBoT, V6ZYHghPPziiPD5EtjTo, F8AD543F-09C1-43DD-B544-B3FD46B886DF, 1, AAAAA, 2016-04-13 13:03:37.689, null, 2016-04-13 13:03:37.689, 1, 51000, E23B6970-A18B-4E80-8AFA-0B1908B7C980]
[EL Fine]: sql: 2016-04-13 13:03:38.402--ClientSession(1197781790)--Connection(813720797)--Thread(Thread[Test worker,5,main])--INSERT INTO ast_CommunicationData_TP (commDataId, commData, commGroupId, commType, versionId, createdBy, createdDate, updatedBy, updatedDate, activeStatus, txnAccessCode) VALUES (?, ?, ?, ?, ?, ?, ?, ?, ?, ?, ?)
	bind => [CEDAD563-7918-4459-81E8-9491B0CC8EFF, yntMDMta2IAmq9h2vVLMBDfOQFVZ2ZGGLC374fHpOCsxQl0TCo, 4231E146-3EFE-47A8-A90C-93377EA3008F, 214B65FC-2CB8-4BC4-B045-8BDB780A1AC1, 1, AAAAA, 2016-04-13 13:03:37.89, null, 2016-04-13 13:03:37.89, 1, 51000]
[EL Fine]: sql: 2016-04-13 13:03:38.405--ClientSession(1197781790)--Connection(813720797)--Thread(Thread[Test worker,5,main])--INSERT INTO ast_Address_T (addressId, address1, address2, address3, addressLabel, addressTypeId, cityId, countryId, latitude, longitude, stateId, versionId, zipcode, createdBy, createdDate, updatedBy, updatedDate, activeStatus, txnAccessCode) VALUES (?, ?, ?, ?, ?, ?, ?, ?, ?, ?, ?, ?, ?, ?, ?, ?, ?, ?, ?)
	bind => [BFA6E425-9981-496F-B502-0538EB5FA194, iYuVdil3wnLkyh6hbecJfQbKYaEz8Bl5fzdYWiIwA4BBpih6vJ, rYHqML8Jc12It0po3JJBqmVXWr0z6o2bceQ6GfGIV8jnLIS5cU, rJVZTMrKpZiPC7MT7bi7ZV8A1lLnDlzCNOTjgs81DDut9o3Ple, F09RFCXdkcc, C013845B-9C8B-44F7-99C0-18C674898DB1, E92CD4D1-9FA0-4B46-BAB1-57D27DDA2220, E77B8073-E826-4472-A921-51387236CDCD, JH323hT7OiWkprW52uHYdDoXHeDG3b4jmKSfMukREH6U6I1FQW, SbSyzjc6UMsomeJFS7GeQNG0N1nfVrZrFvmudPZ7nWkbpJr59x, 03D66220-4ADD-49B8-AE1A-843CAEF8685C, 1, 9ePDpK, AAAAA, 2016-04-13 13:03:37.99, null, 2016-04-13 13:03:37.99, 1, 51000]
[EL Fine]: sql: 2016-04-13 13:03:38.409--ClientSession(1197781790)--Connection(813720797)--Thread(Thread[Test worker,5,main])--INSERT INTO ast_AddressMap_B (addressId, contactId) VALUES (?, ?)
	bind => [BFA6E425-9981-496F-B502-0538EB5FA194, 1000445C-BC06-489C-B04C-BF3E97524C48]
[EL Fine]: sql: 2016-04-13 13:03:38.411--ClientSession(1197781790)--Connection(813720797)--Thread(Thread[Test worker,5,main])--INSERT INTO ast_CommunicationMap_B (commDataId, contactId) VALUES (?, ?)
	bind => [CEDAD563-7918-4459-81E8-9491B0CC8EFF, 1000445C-BC06-489C-B04C-BF3E97524C48]
[EL Fine]: sql: 2016-04-13 13:03:38.482--ClientSession(1576918854)--Connection(813720797)--Thread(Thread[Test worker,5,main])--SELECT contactId FROM ast_CoreContacts_T WHERE (contactId = ?)
	bind => [1000445C-BC06-489C-B04C-BF3E97524C48]
[EL Fine]: sql: 2016-04-13 13:03:38.483--ClientSession(1576918854)--Connection(813720797)--Thread(Thread[Test worker,5,main])--INSERT INTO ast_EmpInformation_T (empId, deptTypeCode, designationTypeCode, jobTypeCode, pan, reportingOfficer, versionId, createdBy, createdDate, updatedBy, updatedDate, activeStatus, txnAccessCode, contactId) VALUES (?, ?, ?, ?, ?, ?, ?, ?, ?, ?, ?, ?, ?, ?)
	bind => [3FCAAB9B-522F-4078-AA86-2ADB02B03C9C, EE90D6F1-08EE-44C1-A6E7-425C85CF878D, CABE3F55-2C7F-4A28-A3B9-0E20D1CFC899, 4C533B85-E038-45E1-9A3F-D0C13D56C39C, ORoFWIS4Lb4Uu72seXDYZpeofSmgU3llzB1etQcREBEvIGxQ3l, Z92NBjaBiwyCapk5dknxsHkNO2y7XrJPizhuMO5nTvFAlR64fH, 1, AAAAA, 2016-04-13 13:03:37.654, null, 2016-04-13 13:03:37.654, 1, 51000, 1000445C-BC06-489C-B04C-BF3E97524C48]
Setting logged in user info for ADD
[EL Fine]: sql: 2016-04-13 13:03:39.026--ClientSession(1692389078)--Connection(813720797)--Thread(Thread[Test worker,5,main])--INSERT INTO ast_CostToCompany_T (salaryId, basic, convenceAllowance, educationalAllowance, empId, hra, medicalAllowance, perk, specailAllowance, takeHome, totalCTC, versionId, yearValue, createdBy, createdDate, updatedBy, updatedDate, activeStatus, txnAccessCode) VALUES (?, ?, ?, ?, ?, ?, ?, ?, ?, ?, ?, ?, ?, ?, ?, ?, ?, ?, ?)
	bind => [2795B8F5-C11F-4FEE-B1D6-F2800D15E75E, 4500.0, 8000.0, -400.0, 3FCAAB9B-522F-4078-AA86-2ADB02B03C9C, 8000.0, -8100.0, -4500.0, 8800.0, 3000.0, 9100.0, 1, 2147483647, AAAAA, 2016-04-13 13:03:39.021, null, 2016-04-13 13:03:39.021, 1, 51000]
[EL Fine]: sql: 2016-04-13 13:03:39.116--ClientSession(684514617)--Connection(813720797)--Thread(Thread[Test worker,5,main])--SELECT salaryId, basic, convenceAllowance, educationalAllowance, empId, hra, medicalAllowance, perk, specailAllowance, takeHome, totalCTC, versionId, yearValue, createdBy, createdDate, updatedBy, updatedDate, activeStatus, txnAccessCode FROM ast_CostToCompany_T WHERE ((activeStatus = ?) AND (salaryId = ?))
	bind => [1, 2795B8F5-C11F-4FEE-B1D6-F2800D15E75E]
Setting logged in user info for UPDATE
[EL Fine]: sql: 2016-04-13 13:03:39.131--ClientSession(2140978181)--Connection(813720797)--Thread(Thread[Test worker,5,main])--SELECT salaryId, basic, convenceAllowance, educationalAllowance, empId, hra, medicalAllowance, perk, specailAllowance, takeHome, totalCTC, versionId, yearValue, createdBy, createdDate, updatedBy, updatedDate, activeStatus, txnAccessCode FROM ast_CostToCompany_T WHERE (salaryId = ?)
	bind => [2795B8F5-C11F-4FEE-B1D6-F2800D15E75E]
[EL Fine]: sql: 2016-04-13 13:03:39.136--ClientSession(2140978181)--Connection(813720797)--Thread(Thread[Test worker,5,main])--UPDATE ast_CostToCompany_T SET basic = ?, convenceAllowance = ?, educationalAllowance = ?, hra = ?, medicalAllowance = ?, perk = ?, specailAllowance = ?, takeHome = ?, totalCTC = ?, updatedBy = ?, versionId = ? WHERE ((salaryId = ?) AND (versionId = ?))
	bind => [-6400.0, -8700.0, -2000.0, 7600.0, -2624.0, 4900.0, 3300.0, 2300.0, -2700.0, AAAAA, 2, 2795B8F5-C11F-4FEE-B1D6-F2800D15E75E, 1]
[EL Fine]: sql: 2016-04-13 13:03:39.213--ClientSession(1527594693)--Connection(813720797)--Thread(Thread[Test worker,5,main])--SELECT salaryId, basic, convenceAllowance, educationalAllowance, empId, hra, medicalAllowance, perk, specailAllowance, takeHome, totalCTC, versionId, yearValue, createdBy, createdDate, updatedBy, updatedDate, activeStatus, txnAccessCode FROM ast_CostToCompany_T WHERE ((activeStatus = ?) AND (salaryId = ?))
	bind => [1, 2795B8F5-C11F-4FEE-B1D6-F2800D15E75E]
[EL Fine]: sql: 2016-04-13 13:03:39.221--ClientSession(1501325667)--Connection(813720797)--Thread(Thread[Test worker,5,main])--SELECT salaryId, basic, convenceAllowance, educationalAllowance, empId, hra, medicalAllowance, perk, specailAllowance, takeHome, totalCTC, versionId, yearValue, createdBy, createdDate, updatedBy, updatedDate, activeStatus, txnAccessCode FROM ast_CostToCompany_T WHERE ((activeStatus = ?) AND (empId = ?))
	bind => [1, 3FCAAB9B-522F-4078-AA86-2ADB02B03C9C]
[EL Fine]: sql: 2016-04-13 13:03:39.349--ClientSession(1227131601)--Connection(813720797)--Thread(Thread[Test worker,5,main])--SELECT salaryId, basic, convenceAllowance, educationalAllowance, empId, hra, medicalAllowance, perk, specailAllowance, takeHome, totalCTC, versionId, yearValue, createdBy, createdDate, updatedBy, updatedDate, activeStatus, txnAccessCode FROM ast_CostToCompany_T WHERE (salaryId = ?)
	bind => [2795B8F5-C11F-4FEE-B1D6-F2800D15E75E]
[EL Fine]: sql: 2016-04-13 13:03:39.353--ClientSession(1227131601)--Connection(813720797)--Thread(Thread[Test worker,5,main])--DELETE FROM ast_CostToCompany_T WHERE ((salaryId = ?) AND (versionId = ?))
	bind => [2795B8F5-C11F-4FEE-B1D6-F2800D15E75E, 2]
[EL Fine]: sql: 2016-04-13 13:03:39.452--ClientSession(518318297)--Connection(813720797)--Thread(Thread[Test worker,5,main])--SELECT empId, deptTypeCode, designationTypeCode, jobTypeCode, pan, reportingOfficer, versionId, createdBy, createdDate, updatedBy, updatedDate, activeStatus, txnAccessCode, contactId FROM ast_EmpInformation_T WHERE (empId = ?)
	bind => [3FCAAB9B-522F-4078-AA86-2ADB02B03C9C]
[EL Fine]: sql: 2016-04-13 13:03:39.454--ClientSession(518318297)--Connection(813720797)--Thread(Thread[Test worker,5,main])--SELECT contactId, age, approximateDOB, dateofbirth, emailId, firstName, genderId, lastName, middleName, nativeFirstName, nativeLanguageCode, nativeLastName, nativeMiddleName, nativeTitle, phoneNumber, titleId, versionId, createdBy, createdDate, updatedBy, updatedDate, activeStatus, txnAccessCode, timeZoneId FROM ast_CoreContacts_T WHERE (contactId = ?)
	bind => [1000445C-BC06-489C-B04C-BF3E97524C48]
[EL Fine]: sql: 2016-04-13 13:03:39.455--ClientSession(518318297)--Connection(813720797)--Thread(Thread[Test worker,5,main])--SELECT timeZoneId, cities, country, gmtLabel, timeZoneLabel, utcdifference, versionId, createdBy, createdDate, updatedBy, updatedDate, activeStatus, txnAccessCode FROM ast_Timezone_M WHERE (timeZoneId = ?)
	bind => [E23B6970-A18B-4E80-8AFA-0B1908B7C980]
[EL Fine]: sql: 2016-04-13 13:03:39.457--ClientSession(518318297)--Connection(813720797)--Thread(Thread[Test worker,5,main])--DELETE FROM ast_EmpInformation_T WHERE ((empId = ?) AND (versionId = ?))
	bind => [3FCAAB9B-522F-4078-AA86-2ADB02B03C9C, 1]
[EL Fine]: sql: 2016-04-13 13:03:39.536--ClientSession(1430630013)--Connection(813720797)--Thread(Thread[Test worker,5,main])--SELECT deptTypeCode, deptTypeDesc, versionId, createdBy, createdDate, updatedBy, updatedDate, activeStatus, txnAccessCode FROM ast_DepartmentType_M WHERE (deptTypeCode = ?)
	bind => [EE90D6F1-08EE-44C1-A6E7-425C85CF878D]
[EL Fine]: sql: 2016-04-13 13:03:39.538--ClientSession(1430630013)--Connection(813720797)--Thread(Thread[Test worker,5,main])--DELETE FROM ast_DepartmentType_M WHERE ((deptTypeCode = ?) AND (versionId = ?))
	bind => [EE90D6F1-08EE-44C1-A6E7-425C85CF878D, 1]
[EL Fine]: sql: 2016-04-13 13:03:39.625--ClientSession(225152166)--Connection(813720797)--Thread(Thread[Test worker,5,main])--SELECT designatnTypeCode, designatnTypeDesc, versionId, createdBy, createdDate, updatedBy, updatedDate, activeStatus, txnAccessCode FROM ast_DesignationType_M WHERE (designatnTypeCode = ?)
	bind => [CABE3F55-2C7F-4A28-A3B9-0E20D1CFC899]
[EL Fine]: sql: 2016-04-13 13:03:39.627--ClientSession(225152166)--Connection(813720797)--Thread(Thread[Test worker,5,main])--DELETE FROM ast_DesignationType_M WHERE ((designatnTypeCode = ?) AND (versionId = ?))
	bind => [CABE3F55-2C7F-4A28-A3B9-0E20D1CFC899, 1]
[EL Fine]: sql: 2016-04-13 13:03:39.669--ClientSession(885497059)--Connection(813720797)--Thread(Thread[Test worker,5,main])--SELECT contactId, age, approximateDOB, dateofbirth, emailId, firstName, genderId, lastName, middleName, nativeFirstName, nativeLanguageCode, nativeLastName, nativeMiddleName, nativeTitle, phoneNumber, titleId, versionId, createdBy, createdDate, updatedBy, updatedDate, activeStatus, txnAccessCode, timeZoneId FROM ast_CoreContacts_T WHERE (contactId = ?)
	bind => [1000445C-BC06-489C-B04C-BF3E97524C48]
[EL Fine]: sql: 2016-04-13 13:03:39.671--ClientSession(885497059)--Connection(813720797)--Thread(Thread[Test worker,5,main])--SELECT timeZoneId, cities, country, gmtLabel, timeZoneLabel, utcdifference, versionId, createdBy, createdDate, updatedBy, updatedDate, activeStatus, txnAccessCode FROM ast_Timezone_M WHERE (timeZoneId = ?)
	bind => [E23B6970-A18B-4E80-8AFA-0B1908B7C980]
[EL Fine]: sql: 2016-04-13 13:03:39.672--ClientSession(885497059)--Connection(813720797)--Thread(Thread[Test worker,5,main])--SELECT t1.addressId, t1.address1, t1.address2, t1.address3, t1.addressLabel, t1.addressTypeId, t1.cityId, t1.countryId, t1.latitude, t1.longitude, t1.stateId, t1.versionId, t1.zipcode, t1.createdBy, t1.createdDate, t1.updatedBy, t1.updatedDate, t1.activeStatus, t1.txnAccessCode FROM ast_AddressMap_B t0, ast_Address_T t1 WHERE ((t0.contactId = ?) AND (t1.addressId = t0.addressId))
	bind => [1000445C-BC06-489C-B04C-BF3E97524C48]
[EL Fine]: sql: 2016-04-13 13:03:39.674--ClientSession(885497059)--Connection(813720797)--Thread(Thread[Test worker,5,main])--SELECT t1.commDataId, t1.commData, t1.commGroupId, t1.commType, t1.versionId, t1.createdBy, t1.createdDate, t1.updatedBy, t1.updatedDate, t1.activeStatus, t1.txnAccessCode FROM ast_CommunicationMap_B t0, ast_CommunicationData_TP t1 WHERE ((t0.contactId = ?) AND (t1.commDataId = t0.commDataId))
	bind => [1000445C-BC06-489C-B04C-BF3E97524C48]
[EL Fine]: sql: 2016-04-13 13:03:39.676--ClientSession(885497059)--Connection(813720797)--Thread(Thread[Test worker,5,main])--DELETE FROM ast_AddressMap_B WHERE (contactId = ?)
	bind => [1000445C-BC06-489C-B04C-BF3E97524C48]
[EL Fine]: sql: 2016-04-13 13:03:39.677--ClientSession(885497059)--Connection(813720797)--Thread(Thread[Test worker,5,main])--DELETE FROM ast_CommunicationMap_B WHERE (contactId = ?)
	bind => [1000445C-BC06-489C-B04C-BF3E97524C48]
[EL Fine]: sql: 2016-04-13 13:03:39.678--ClientSession(885497059)--Connection(813720797)--Thread(Thread[Test worker,5,main])--DELETE FROM ast_Address_T WHERE ((addressId = ?) AND (versionId = ?))
	bind => [BFA6E425-9981-496F-B502-0538EB5FA194, 1]
[EL Fine]: sql: 2016-04-13 13:03:39.679--ClientSession(885497059)--Connection(813720797)--Thread(Thread[Test worker,5,main])--DELETE FROM ast_CommunicationData_TP WHERE ((commDataId = ?) AND (versionId = ?))
	bind => [CEDAD563-7918-4459-81E8-9491B0CC8EFF, 1]
[EL Fine]: sql: 2016-04-13 13:03:39.682--ClientSession(885497059)--Connection(813720797)--Thread(Thread[Test worker,5,main])--DELETE FROM ast_CoreContacts_T WHERE ((contactId = ?) AND (versionId = ?))
	bind => [1000445C-BC06-489C-B04C-BF3E97524C48, 1]
[EL Fine]: sql: 2016-04-13 13:03:39.725--ClientSession(1001825693)--Connection(813720797)--Thread(Thread[Test worker,5,main])--SELECT cityId, cityCode, cityCodeChar2, cityDescription, cityFlag, cityLatitude, cityLongitude, cityName, countryId, stateId, versionId, createdBy, createdDate, updatedBy, updatedDate, activeStatus, txnAccessCode FROM ast_City_M WHERE (cityId = ?)
	bind => [E92CD4D1-9FA0-4B46-BAB1-57D27DDA2220]
[EL Fine]: sql: 2016-04-13 13:03:39.727--ClientSession(1001825693)--Connection(813720797)--Thread(Thread[Test worker,5,main])--DELETE FROM ast_City_M WHERE ((cityId = ?) AND (versionId = ?))
	bind => [E92CD4D1-9FA0-4B46-BAB1-57D27DDA2220, 1]
[EL Fine]: sql: 2016-04-13 13:03:39.769--ClientSession(1177289522)--Connection(813720797)--Thread(Thread[Test worker,5,main])--SELECT stateId, countryId, stateCapital, stateCapitalLatitude, stateCapitalLongitude, stateCode, stateCodeChar2, stateCodeChar3, stateDescription, stateFlag, stateName, versionId, createdBy, createdDate, updatedBy, updatedDate, activeStatus, txnAccessCode FROM ast_State_M WHERE (stateId = ?)
	bind => [03D66220-4ADD-49B8-AE1A-843CAEF8685C]
[EL Fine]: sql: 2016-04-13 13:03:39.771--ClientSession(1177289522)--Connection(813720797)--Thread(Thread[Test worker,5,main])--DELETE FROM ast_State_M WHERE ((stateId = ?) AND (versionId = ?))
	bind => [03D66220-4ADD-49B8-AE1A-843CAEF8685C, 1]
[EL Fine]: sql: 2016-04-13 13:03:39.816--ClientSession(1060950561)--Connection(813720797)--Thread(Thread[Test worker,5,main])--SELECT countryId, capital, capitalLatitude, capitalLongitude, countryCode1, countryCode2, countryFlag, countryName, currencyCode, currencyName, currencySymbol, isoNumeric, versionId, createdBy, createdDate, updatedBy, updatedDate, activeStatus, txnAccessCode FROM ast_Country_M WHERE (countryId = ?)
	bind => [E77B8073-E826-4472-A921-51387236CDCD]
[EL Fine]: sql: 2016-04-13 13:03:39.818--ClientSession(1060950561)--Connection(813720797)--Thread(Thread[Test worker,5,main])--DELETE FROM ast_Country_M WHERE ((countryId = ?) AND (versionId = ?))
	bind => [E77B8073-E826-4472-A921-51387236CDCD, 1]
[EL Fine]: sql: 2016-04-13 13:03:39.871--ClientSession(553045472)--Connection(813720797)--Thread(Thread[Test worker,5,main])--SELECT addressTypeId, addressType, addressTypeDesc, addressTypeIcon, versionId, createdBy, createdDate, updatedBy, updatedDate, activeStatus, txnAccessCode FROM ast_AddressType_M WHERE (addressTypeId = ?)
	bind => [C013845B-9C8B-44F7-99C0-18C674898DB1]
[EL Fine]: sql: 2016-04-13 13:03:39.873--ClientSession(553045472)--Connection(813720797)--Thread(Thread[Test worker,5,main])--DELETE FROM ast_AddressType_M WHERE ((addressTypeId = ?) AND (versionId = ?))
	bind => [C013845B-9C8B-44F7-99C0-18C674898DB1, 1]
[EL Fine]: sql: 2016-04-13 13:03:39.916--ClientSession(984320391)--Connection(813720797)--Thread(Thread[Test worker,5,main])--SELECT commType, commGroupId, commTypeDescription, commTypeName, versionId, createdBy, createdDate, updatedBy, updatedDate, activeStatus, txnAccessCode FROM ast_CommunicationType_M WHERE (commType = ?)
	bind => [214B65FC-2CB8-4BC4-B045-8BDB780A1AC1]
[EL Fine]: sql: 2016-04-13 13:03:39.918--ClientSession(984320391)--Connection(813720797)--Thread(Thread[Test worker,5,main])--DELETE FROM ast_CommunicationType_M WHERE ((commType = ?) AND (versionId = ?))
	bind => [214B65FC-2CB8-4BC4-B045-8BDB780A1AC1, 1]
[EL Fine]: sql: 2016-04-13 13:03:39.96--ClientSession(957198993)--Connection(813720797)--Thread(Thread[Test worker,5,main])--SELECT commGroupId, commGroupDescription, commGroupName, versionId, createdBy, createdDate, updatedBy, updatedDate, activeStatus, txnAccessCode FROM ast_CommunicationGroup_M WHERE (commGroupId = ?)
	bind => [4231E146-3EFE-47A8-A90C-93377EA3008F]
[EL Fine]: sql: 2016-04-13 13:03:39.962--ClientSession(957198993)--Connection(813720797)--Thread(Thread[Test worker,5,main])--DELETE FROM ast_CommunicationGroup_M WHERE ((commGroupId = ?) AND (versionId = ?))
	bind => [4231E146-3EFE-47A8-A90C-93377EA3008F, 1]
[EL Fine]: sql: 2016-04-13 13:03:40.005--ClientSession(830435026)--Connection(813720797)--Thread(Thread[Test worker,5,main])--SELECT titleId, titles, versionId, createdBy, createdDate, updatedBy, updatedDate, activeStatus, txnAccessCode FROM ast_Title_M WHERE (titleId = ?)
	bind => [F8AD543F-09C1-43DD-B544-B3FD46B886DF]
[EL Fine]: sql: 2016-04-13 13:03:40.007--ClientSession(830435026)--Connection(813720797)--Thread(Thread[Test worker,5,main])--DELETE FROM ast_Title_M WHERE ((titleId = ?) AND (versionId = ?))
	bind => [F8AD543F-09C1-43DD-B544-B3FD46B886DF, 1]
[EL Fine]: sql: 2016-04-13 13:03:40.051--ClientSession(1484653061)--Connection(813720797)--Thread(Thread[Test worker,5,main])--SELECT languageId, alpha2, alpha3, alpha4, alpha4parentid, language, languageDescription, languageIcon, languageType, versionId, createdBy, createdDate, updatedBy, updatedDate, activeStatus, txnAccessCode FROM ast_Language_M WHERE (languageId = ?)
	bind => [A95BBD30-2389-4D1E-B7F2-F8ACF7E82AA1]
[EL Fine]: sql: 2016-04-13 13:03:40.052--ClientSession(1484653061)--Connection(813720797)--Thread(Thread[Test worker,5,main])--DELETE FROM ast_Language_M WHERE ((languageId = ?) AND (versionId = ?))
	bind => [A95BBD30-2389-4D1E-B7F2-F8ACF7E82AA1, 1]
[EL Fine]: sql: 2016-04-13 13:03:40.138--ClientSession(526517989)--Connection(813720797)--Thread(Thread[Test worker,5,main])--SELECT timeZoneId, cities, country, gmtLabel, timeZoneLabel, utcdifference, versionId, createdBy, createdDate, updatedBy, updatedDate, activeStatus, txnAccessCode FROM ast_Timezone_M WHERE (timeZoneId = ?)
	bind => [E23B6970-A18B-4E80-8AFA-0B1908B7C980]
[EL Fine]: sql: 2016-04-13 13:03:40.14--ClientSession(526517989)--Connection(813720797)--Thread(Thread[Test worker,5,main])--DELETE FROM ast_Timezone_M WHERE ((timeZoneId = ?) AND (versionId = ?))
	bind => [E23B6970-A18B-4E80-8AFA-0B1908B7C980, 1]
[EL Fine]: sql: 2016-04-13 13:03:40.197--ClientSession(1325605086)--Connection(813720797)--Thread(Thread[Test worker,5,main])--SELECT genderId, gender, versionId, createdBy, createdDate, updatedBy, updatedDate, activeStatus, txnAccessCode FROM ast_Gender_M WHERE (genderId = ?)
	bind => [458E18DC-AED4-492A-B083-AF33049F9776]
[EL Fine]: sql: 2016-04-13 13:03:40.199--ClientSession(1325605086)--Connection(813720797)--Thread(Thread[Test worker,5,main])--DELETE FROM ast_Gender_M WHERE ((genderId = ?) AND (versionId = ?))
	bind => [458E18DC-AED4-492A-B083-AF33049F9776, 1]
[EL Fine]: sql: 2016-04-13 13:03:40.285--ClientSession(885029152)--Connection(813720797)--Thread(Thread[Test worker,5,main])--SELECT jobTypeCode, jobDescOne, versionId, createdBy, createdDate, updatedBy, updatedDate, activeStatus, txnAccessCode FROM ast_JobType_M WHERE (jobTypeCode = ?)
	bind => [4C533B85-E038-45E1-9A3F-D0C13D56C39C]
[EL Fine]: sql: 2016-04-13 13:03:40.287--ClientSession(885029152)--Connection(813720797)--Thread(Thread[Test worker,5,main])--DELETE FROM ast_JobType_M WHERE ((jobTypeCode = ?) AND (versionId = ?))
	bind => [4C533B85-E038-45E1-9A3F-D0C13D56C39C, 1]
]]></system-out>
  <system-err><![CDATA[com.app.shared.humanresourceboundedcontext.payroll.CostToCompany.yearValue may not be null
com.athena.framework.server.exception.biz.SpartanConstraintViolationException: Exception in validating entity /com.app.shared.humanresourceboundedcontext.payroll.CostToCompany.yearValue may not be null

	at com.athena.framework.server.helper.EntityValidatorHelper.validateEntity(EntityValidatorHelper.java:28)
	at com.app.shared.humanresourceboundedcontext.payroll.CostToCompany.isValid(CostToCompany.java:280)
	at com.app.server.service.humanresourceboundedcontext.payroll.CostToCompanyTestCase.validateCostToCompany(CostToCompanyTestCase.java:497)
	at com.app.server.service.humanresourceboundedcontext.payroll.CostToCompanyTestCase.test5NegativeTesting(CostToCompanyTestCase.java:537)
	at sun.reflect.NativeMethodAccessorImpl.invoke0(Native Method)
	at sun.reflect.NativeMethodAccessorImpl.invoke(NativeMethodAccessorImpl.java:57)
	at sun.reflect.DelegatingMethodAccessorImpl.invoke(DelegatingMethodAccessorImpl.java:43)
	at java.lang.reflect.Method.invoke(Method.java:606)
	at org.junit.runners.model.FrameworkMethod$1.runReflectiveCall(FrameworkMethod.java:47)
	at org.junit.internal.runners.model.ReflectiveCallable.run(ReflectiveCallable.java:12)
	at org.junit.runners.model.FrameworkMethod.invokeExplosively(FrameworkMethod.java:44)
	at org.junit.internal.runners.statements.InvokeMethod.evaluate(InvokeMethod.java:17)
	at org.junit.internal.runners.statements.RunBefores.evaluate(RunBefores.java:26)
	at org.springframework.test.context.junit4.statements.RunBeforeTestMethodCallbacks.evaluate(RunBeforeTestMethodCallbacks.java:74)
	at org.junit.internal.runners.statements.RunAfters.evaluate(RunAfters.java:27)
	at org.springframework.test.context.junit4.statements.RunAfterTestMethodCallbacks.evaluate(RunAfterTestMethodCallbacks.java:83)
	at org.springframework.test.context.junit4.statements.SpringRepeat.evaluate(SpringRepeat.java:72)
	at org.springframework.test.context.junit4.SpringJUnit4ClassRunner.runChild(SpringJUnit4ClassRunner.java:233)
	at org.springframework.test.context.junit4.SpringJUnit4ClassRunner.runChild(SpringJUnit4ClassRunner.java:87)
	at org.junit.runners.ParentRunner$3.run(ParentRunner.java:238)
	at org.junit.runners.ParentRunner$1.schedule(ParentRunner.java:63)
	at org.junit.runners.ParentRunner.runChildren(ParentRunner.java:236)
	at org.junit.runners.ParentRunner.access$000(ParentRunner.java:53)
	at org.junit.runners.ParentRunner$2.evaluate(ParentRunner.java:229)
	at org.springframework.test.context.junit4.statements.RunBeforeTestClassCallbacks.evaluate(RunBeforeTestClassCallbacks.java:61)
	at org.springframework.test.context.junit4.statements.RunAfterTestClassCallbacks.evaluate(RunAfterTestClassCallbacks.java:71)
	at org.junit.runners.ParentRunner.run(ParentRunner.java:309)
	at org.springframework.test.context.junit4.SpringJUnit4ClassRunner.run(SpringJUnit4ClassRunner.java:176)
	at org.gradle.api.internal.tasks.testing.junit.JUnitTestClassExecuter.runTestClass(JUnitTestClassExecuter.java:86)
	at org.gradle.api.internal.tasks.testing.junit.JUnitTestClassExecuter.execute(JUnitTestClassExecuter.java:49)
	at org.gradle.api.internal.tasks.testing.junit.JUnitTestClassProcessor.processTestClass(JUnitTestClassProcessor.java:64)
	at org.gradle.api.internal.tasks.testing.SuiteTestClassProcessor.processTestClass(SuiteTestClassProcessor.java:50)
	at sun.reflect.GeneratedMethodAccessor106.invoke(Unknown Source)
	at sun.reflect.DelegatingMethodAccessorImpl.invoke(DelegatingMethodAccessorImpl.java:43)
	at java.lang.reflect.Method.invoke(Method.java:606)
	at org.gradle.messaging.dispatch.ReflectionDispatch.dispatch(ReflectionDispatch.java:35)
	at org.gradle.messaging.dispatch.ReflectionDispatch.dispatch(ReflectionDispatch.java:24)
	at org.gradle.messaging.dispatch.ContextClassLoaderDispatch.dispatch(ContextClassLoaderDispatch.java:32)
	at org.gradle.messaging.dispatch.ProxyDispatchAdapter$DispatchingInvocationHandler.invoke(ProxyDispatchAdapter.java:93)
	at com.sun.proxy.$Proxy2.processTestClass(Unknown Source)
	at org.gradle.api.internal.tasks.testing.worker.TestWorker.processTestClass(TestWorker.java:106)
	at sun.reflect.GeneratedMethodAccessor105.invoke(Unknown Source)
	at sun.reflect.DelegatingMethodAccessorImpl.invoke(DelegatingMethodAccessorImpl.java:43)
	at java.lang.reflect.Method.invoke(Method.java:606)
	at org.gradle.messaging.dispatch.ReflectionDispatch.dispatch(ReflectionDispatch.java:35)
	at org.gradle.messaging.dispatch.ReflectionDispatch.dispatch(ReflectionDispatch.java:24)
	at org.gradle.messaging.remote.internal.hub.MessageHub$Handler.run(MessageHub.java:360)
	at org.gradle.internal.concurrent.DefaultExecutorFactory$StoppableExecutorImpl$1.run(DefaultExecutorFactory.java:64)
	at java.util.concurrent.ThreadPoolExecutor.runWorker(ThreadPoolExecutor.java:1145)
	at java.util.concurrent.ThreadPoolExecutor$Worker.run(ThreadPoolExecutor.java:615)
	at java.lang.Thread.run(Thread.java:745)
com.app.shared.humanresourceboundedcontext.payroll.CostToCompany.basic must be less than or equal to 9223372000000000000
com.athena.framework.server.exception.biz.SpartanConstraintViolationException: Exception in validating entity /com.app.shared.humanresourceboundedcontext.payroll.CostToCompany.basic must be less than or equal to 9223372000000000000

	at com.athena.framework.server.helper.EntityValidatorHelper.validateEntity(EntityValidatorHelper.java:28)
	at com.app.shared.humanresourceboundedcontext.payroll.CostToCompany.isValid(CostToCompany.java:280)
	at com.app.server.service.humanresourceboundedcontext.payroll.CostToCompanyTestCase.validateCostToCompany(CostToCompanyTestCase.java:495)
	at com.app.server.service.humanresourceboundedcontext.payroll.CostToCompanyTestCase.test5NegativeTesting(CostToCompanyTestCase.java:542)
	at sun.reflect.NativeMethodAccessorImpl.invoke0(Native Method)
	at sun.reflect.NativeMethodAccessorImpl.invoke(NativeMethodAccessorImpl.java:57)
	at sun.reflect.DelegatingMethodAccessorImpl.invoke(DelegatingMethodAccessorImpl.java:43)
	at java.lang.reflect.Method.invoke(Method.java:606)
	at org.junit.runners.model.FrameworkMethod$1.runReflectiveCall(FrameworkMethod.java:47)
	at org.junit.internal.runners.model.ReflectiveCallable.run(ReflectiveCallable.java:12)
	at org.junit.runners.model.FrameworkMethod.invokeExplosively(FrameworkMethod.java:44)
	at org.junit.internal.runners.statements.InvokeMethod.evaluate(InvokeMethod.java:17)
	at org.junit.internal.runners.statements.RunBefores.evaluate(RunBefores.java:26)
	at org.springframework.test.context.junit4.statements.RunBeforeTestMethodCallbacks.evaluate(RunBeforeTestMethodCallbacks.java:74)
	at org.junit.internal.runners.statements.RunAfters.evaluate(RunAfters.java:27)
	at org.springframework.test.context.junit4.statements.RunAfterTestMethodCallbacks.evaluate(RunAfterTestMethodCallbacks.java:83)
	at org.springframework.test.context.junit4.statements.SpringRepeat.evaluate(SpringRepeat.java:72)
	at org.springframework.test.context.junit4.SpringJUnit4ClassRunner.runChild(SpringJUnit4ClassRunner.java:233)
	at org.springframework.test.context.junit4.SpringJUnit4ClassRunner.runChild(SpringJUnit4ClassRunner.java:87)
	at org.junit.runners.ParentRunner$3.run(ParentRunner.java:238)
	at org.junit.runners.ParentRunner$1.schedule(ParentRunner.java:63)
	at org.junit.runners.ParentRunner.runChildren(ParentRunner.java:236)
	at org.junit.runners.ParentRunner.access$000(ParentRunner.java:53)
	at org.junit.runners.ParentRunner$2.evaluate(ParentRunner.java:229)
	at org.springframework.test.context.junit4.statements.RunBeforeTestClassCallbacks.evaluate(RunBeforeTestClassCallbacks.java:61)
	at org.springframework.test.context.junit4.statements.RunAfterTestClassCallbacks.evaluate(RunAfterTestClassCallbacks.java:71)
	at org.junit.runners.ParentRunner.run(ParentRunner.java:309)
	at org.springframework.test.context.junit4.SpringJUnit4ClassRunner.run(SpringJUnit4ClassRunner.java:176)
	at org.gradle.api.internal.tasks.testing.junit.JUnitTestClassExecuter.runTestClass(JUnitTestClassExecuter.java:86)
	at org.gradle.api.internal.tasks.testing.junit.JUnitTestClassExecuter.execute(JUnitTestClassExecuter.java:49)
	at org.gradle.api.internal.tasks.testing.junit.JUnitTestClassProcessor.processTestClass(JUnitTestClassProcessor.java:64)
	at org.gradle.api.internal.tasks.testing.SuiteTestClassProcessor.processTestClass(SuiteTestClassProcessor.java:50)
	at sun.reflect.GeneratedMethodAccessor106.invoke(Unknown Source)
	at sun.reflect.DelegatingMethodAccessorImpl.invoke(DelegatingMethodAccessorImpl.java:43)
	at java.lang.reflect.Method.invoke(Method.java:606)
	at org.gradle.messaging.dispatch.ReflectionDispatch.dispatch(ReflectionDispatch.java:35)
	at org.gradle.messaging.dispatch.ReflectionDispatch.dispatch(ReflectionDispatch.java:24)
	at org.gradle.messaging.dispatch.ContextClassLoaderDispatch.dispatch(ContextClassLoaderDispatch.java:32)
	at org.gradle.messaging.dispatch.ProxyDispatchAdapter$DispatchingInvocationHandler.invoke(ProxyDispatchAdapter.java:93)
	at com.sun.proxy.$Proxy2.processTestClass(Unknown Source)
	at org.gradle.api.internal.tasks.testing.worker.TestWorker.processTestClass(TestWorker.java:106)
	at sun.reflect.GeneratedMethodAccessor105.invoke(Unknown Source)
	at sun.reflect.DelegatingMethodAccessorImpl.invoke(DelegatingMethodAccessorImpl.java:43)
	at java.lang.reflect.Method.invoke(Method.java:606)
	at org.gradle.messaging.dispatch.ReflectionDispatch.dispatch(ReflectionDispatch.java:35)
	at org.gradle.messaging.dispatch.ReflectionDispatch.dispatch(ReflectionDispatch.java:24)
	at org.gradle.messaging.remote.internal.hub.MessageHub$Handler.run(MessageHub.java:360)
	at org.gradle.internal.concurrent.DefaultExecutorFactory$StoppableExecutorImpl$1.run(DefaultExecutorFactory.java:64)
	at java.util.concurrent.ThreadPoolExecutor.runWorker(ThreadPoolExecutor.java:1145)
	at java.util.concurrent.ThreadPoolExecutor$Worker.run(ThreadPoolExecutor.java:615)
	at java.lang.Thread.run(Thread.java:745)
com.app.shared.humanresourceboundedcontext.payroll.CostToCompany.hra must be less than or equal to 9223372000000000000
com.athena.framework.server.exception.biz.SpartanConstraintViolationException: Exception in validating entity /com.app.shared.humanresourceboundedcontext.payroll.CostToCompany.hra must be less than or equal to 9223372000000000000

	at com.athena.framework.server.helper.EntityValidatorHelper.validateEntity(EntityValidatorHelper.java:28)
	at com.app.shared.humanresourceboundedcontext.payroll.CostToCompany.isValid(CostToCompany.java:280)
	at com.app.server.service.humanresourceboundedcontext.payroll.CostToCompanyTestCase.validateCostToCompany(CostToCompanyTestCase.java:495)
	at com.app.server.service.humanresourceboundedcontext.payroll.CostToCompanyTestCase.test5NegativeTesting(CostToCompanyTestCase.java:547)
	at sun.reflect.NativeMethodAccessorImpl.invoke0(Native Method)
	at sun.reflect.NativeMethodAccessorImpl.invoke(NativeMethodAccessorImpl.java:57)
	at sun.reflect.DelegatingMethodAccessorImpl.invoke(DelegatingMethodAccessorImpl.java:43)
	at java.lang.reflect.Method.invoke(Method.java:606)
	at org.junit.runners.model.FrameworkMethod$1.runReflectiveCall(FrameworkMethod.java:47)
	at org.junit.internal.runners.model.ReflectiveCallable.run(ReflectiveCallable.java:12)
	at org.junit.runners.model.FrameworkMethod.invokeExplosively(FrameworkMethod.java:44)
	at org.junit.internal.runners.statements.InvokeMethod.evaluate(InvokeMethod.java:17)
	at org.junit.internal.runners.statements.RunBefores.evaluate(RunBefores.java:26)
	at org.springframework.test.context.junit4.statements.RunBeforeTestMethodCallbacks.evaluate(RunBeforeTestMethodCallbacks.java:74)
	at org.junit.internal.runners.statements.RunAfters.evaluate(RunAfters.java:27)
	at org.springframework.test.context.junit4.statements.RunAfterTestMethodCallbacks.evaluate(RunAfterTestMethodCallbacks.java:83)
	at org.springframework.test.context.junit4.statements.SpringRepeat.evaluate(SpringRepeat.java:72)
	at org.springframework.test.context.junit4.SpringJUnit4ClassRunner.runChild(SpringJUnit4ClassRunner.java:233)
	at org.springframework.test.context.junit4.SpringJUnit4ClassRunner.runChild(SpringJUnit4ClassRunner.java:87)
	at org.junit.runners.ParentRunner$3.run(ParentRunner.java:238)
	at org.junit.runners.ParentRunner$1.schedule(ParentRunner.java:63)
	at org.junit.runners.ParentRunner.runChildren(ParentRunner.java:236)
	at org.junit.runners.ParentRunner.access$000(ParentRunner.java:53)
	at org.junit.runners.ParentRunner$2.evaluate(ParentRunner.java:229)
	at org.springframework.test.context.junit4.statements.RunBeforeTestClassCallbacks.evaluate(RunBeforeTestClassCallbacks.java:61)
	at org.springframework.test.context.junit4.statements.RunAfterTestClassCallbacks.evaluate(RunAfterTestClassCallbacks.java:71)
	at org.junit.runners.ParentRunner.run(ParentRunner.java:309)
	at org.springframework.test.context.junit4.SpringJUnit4ClassRunner.run(SpringJUnit4ClassRunner.java:176)
	at org.gradle.api.internal.tasks.testing.junit.JUnitTestClassExecuter.runTestClass(JUnitTestClassExecuter.java:86)
	at org.gradle.api.internal.tasks.testing.junit.JUnitTestClassExecuter.execute(JUnitTestClassExecuter.java:49)
	at org.gradle.api.internal.tasks.testing.junit.JUnitTestClassProcessor.processTestClass(JUnitTestClassProcessor.java:64)
	at org.gradle.api.internal.tasks.testing.SuiteTestClassProcessor.processTestClass(SuiteTestClassProcessor.java:50)
	at sun.reflect.GeneratedMethodAccessor106.invoke(Unknown Source)
	at sun.reflect.DelegatingMethodAccessorImpl.invoke(DelegatingMethodAccessorImpl.java:43)
	at java.lang.reflect.Method.invoke(Method.java:606)
	at org.gradle.messaging.dispatch.ReflectionDispatch.dispatch(ReflectionDispatch.java:35)
	at org.gradle.messaging.dispatch.ReflectionDispatch.dispatch(ReflectionDispatch.java:24)
	at org.gradle.messaging.dispatch.ContextClassLoaderDispatch.dispatch(ContextClassLoaderDispatch.java:32)
	at org.gradle.messaging.dispatch.ProxyDispatchAdapter$DispatchingInvocationHandler.invoke(ProxyDispatchAdapter.java:93)
	at com.sun.proxy.$Proxy2.processTestClass(Unknown Source)
	at org.gradle.api.internal.tasks.testing.worker.TestWorker.processTestClass(TestWorker.java:106)
	at sun.reflect.GeneratedMethodAccessor105.invoke(Unknown Source)
	at sun.reflect.DelegatingMethodAccessorImpl.invoke(DelegatingMethodAccessorImpl.java:43)
	at java.lang.reflect.Method.invoke(Method.java:606)
	at org.gradle.messaging.dispatch.ReflectionDispatch.dispatch(ReflectionDispatch.java:35)
	at org.gradle.messaging.dispatch.ReflectionDispatch.dispatch(ReflectionDispatch.java:24)
	at org.gradle.messaging.remote.internal.hub.MessageHub$Handler.run(MessageHub.java:360)
	at org.gradle.internal.concurrent.DefaultExecutorFactory$StoppableExecutorImpl$1.run(DefaultExecutorFactory.java:64)
	at java.util.concurrent.ThreadPoolExecutor.runWorker(ThreadPoolExecutor.java:1145)
	at java.util.concurrent.ThreadPoolExecutor$Worker.run(ThreadPoolExecutor.java:615)
	at java.lang.Thread.run(Thread.java:745)
com.app.shared.humanresourceboundedcontext.payroll.CostToCompany.convenceAllowance must be less than or equal to 9223372000000000000
com.athena.framework.server.exception.biz.SpartanConstraintViolationException: Exception in validating entity /com.app.shared.humanresourceboundedcontext.payroll.CostToCompany.convenceAllowance must be less than or equal to 9223372000000000000

	at com.athena.framework.server.helper.EntityValidatorHelper.validateEntity(EntityValidatorHelper.java:28)
	at com.app.shared.humanresourceboundedcontext.payroll.CostToCompany.isValid(CostToCompany.java:280)
	at com.app.server.service.humanresourceboundedcontext.payroll.CostToCompanyTestCase.validateCostToCompany(CostToCompanyTestCase.java:495)
	at com.app.server.service.humanresourceboundedcontext.payroll.CostToCompanyTestCase.test5NegativeTesting(CostToCompanyTestCase.java:552)
	at sun.reflect.NativeMethodAccessorImpl.invoke0(Native Method)
	at sun.reflect.NativeMethodAccessorImpl.invoke(NativeMethodAccessorImpl.java:57)
	at sun.reflect.DelegatingMethodAccessorImpl.invoke(DelegatingMethodAccessorImpl.java:43)
	at java.lang.reflect.Method.invoke(Method.java:606)
	at org.junit.runners.model.FrameworkMethod$1.runReflectiveCall(FrameworkMethod.java:47)
	at org.junit.internal.runners.model.ReflectiveCallable.run(ReflectiveCallable.java:12)
	at org.junit.runners.model.FrameworkMethod.invokeExplosively(FrameworkMethod.java:44)
	at org.junit.internal.runners.statements.InvokeMethod.evaluate(InvokeMethod.java:17)
	at org.junit.internal.runners.statements.RunBefores.evaluate(RunBefores.java:26)
	at org.springframework.test.context.junit4.statements.RunBeforeTestMethodCallbacks.evaluate(RunBeforeTestMethodCallbacks.java:74)
	at org.junit.internal.runners.statements.RunAfters.evaluate(RunAfters.java:27)
	at org.springframework.test.context.junit4.statements.RunAfterTestMethodCallbacks.evaluate(RunAfterTestMethodCallbacks.java:83)
	at org.springframework.test.context.junit4.statements.SpringRepeat.evaluate(SpringRepeat.java:72)
	at org.springframework.test.context.junit4.SpringJUnit4ClassRunner.runChild(SpringJUnit4ClassRunner.java:233)
	at org.springframework.test.context.junit4.SpringJUnit4ClassRunner.runChild(SpringJUnit4ClassRunner.java:87)
	at org.junit.runners.ParentRunner$3.run(ParentRunner.java:238)
	at org.junit.runners.ParentRunner$1.schedule(ParentRunner.java:63)
	at org.junit.runners.ParentRunner.runChildren(ParentRunner.java:236)
	at org.junit.runners.ParentRunner.access$000(ParentRunner.java:53)
	at org.junit.runners.ParentRunner$2.evaluate(ParentRunner.java:229)
	at org.springframework.test.context.junit4.statements.RunBeforeTestClassCallbacks.evaluate(RunBeforeTestClassCallbacks.java:61)
	at org.springframework.test.context.junit4.statements.RunAfterTestClassCallbacks.evaluate(RunAfterTestClassCallbacks.java:71)
	at org.junit.runners.ParentRunner.run(ParentRunner.java:309)
	at org.springframework.test.context.junit4.SpringJUnit4ClassRunner.run(SpringJUnit4ClassRunner.java:176)
	at org.gradle.api.internal.tasks.testing.junit.JUnitTestClassExecuter.runTestClass(JUnitTestClassExecuter.java:86)
	at org.gradle.api.internal.tasks.testing.junit.JUnitTestClassExecuter.execute(JUnitTestClassExecuter.java:49)
	at org.gradle.api.internal.tasks.testing.junit.JUnitTestClassProcessor.processTestClass(JUnitTestClassProcessor.java:64)
	at org.gradle.api.internal.tasks.testing.SuiteTestClassProcessor.processTestClass(SuiteTestClassProcessor.java:50)
	at sun.reflect.GeneratedMethodAccessor106.invoke(Unknown Source)
	at sun.reflect.DelegatingMethodAccessorImpl.invoke(DelegatingMethodAccessorImpl.java:43)
	at java.lang.reflect.Method.invoke(Method.java:606)
	at org.gradle.messaging.dispatch.ReflectionDispatch.dispatch(ReflectionDispatch.java:35)
	at org.gradle.messaging.dispatch.ReflectionDispatch.dispatch(ReflectionDispatch.java:24)
	at org.gradle.messaging.dispatch.ContextClassLoaderDispatch.dispatch(ContextClassLoaderDispatch.java:32)
	at org.gradle.messaging.dispatch.ProxyDispatchAdapter$DispatchingInvocationHandler.invoke(ProxyDispatchAdapter.java:93)
	at com.sun.proxy.$Proxy2.processTestClass(Unknown Source)
	at org.gradle.api.internal.tasks.testing.worker.TestWorker.processTestClass(TestWorker.java:106)
	at sun.reflect.GeneratedMethodAccessor105.invoke(Unknown Source)
	at sun.reflect.DelegatingMethodAccessorImpl.invoke(DelegatingMethodAccessorImpl.java:43)
	at java.lang.reflect.Method.invoke(Method.java:606)
	at org.gradle.messaging.dispatch.ReflectionDispatch.dispatch(ReflectionDispatch.java:35)
	at org.gradle.messaging.dispatch.ReflectionDispatch.dispatch(ReflectionDispatch.java:24)
	at org.gradle.messaging.remote.internal.hub.MessageHub$Handler.run(MessageHub.java:360)
	at org.gradle.internal.concurrent.DefaultExecutorFactory$StoppableExecutorImpl$1.run(DefaultExecutorFactory.java:64)
	at java.util.concurrent.ThreadPoolExecutor.runWorker(ThreadPoolExecutor.java:1145)
	at java.util.concurrent.ThreadPoolExecutor$Worker.run(ThreadPoolExecutor.java:615)
	at java.lang.Thread.run(Thread.java:745)
com.app.shared.humanresourceboundedcontext.payroll.CostToCompany.medicalAllowance must be less than or equal to 9223372000000000000
com.athena.framework.server.exception.biz.SpartanConstraintViolationException: Exception in validating entity /com.app.shared.humanresourceboundedcontext.payroll.CostToCompany.medicalAllowance must be less than or equal to 9223372000000000000

	at com.athena.framework.server.helper.EntityValidatorHelper.validateEntity(EntityValidatorHelper.java:28)
	at com.app.shared.humanresourceboundedcontext.payroll.CostToCompany.isValid(CostToCompany.java:280)
	at com.app.server.service.humanresourceboundedcontext.payroll.CostToCompanyTestCase.validateCostToCompany(CostToCompanyTestCase.java:495)
	at com.app.server.service.humanresourceboundedcontext.payroll.CostToCompanyTestCase.test5NegativeTesting(CostToCompanyTestCase.java:557)
	at sun.reflect.NativeMethodAccessorImpl.invoke0(Native Method)
	at sun.reflect.NativeMethodAccessorImpl.invoke(NativeMethodAccessorImpl.java:57)
	at sun.reflect.DelegatingMethodAccessorImpl.invoke(DelegatingMethodAccessorImpl.java:43)
	at java.lang.reflect.Method.invoke(Method.java:606)
	at org.junit.runners.model.FrameworkMethod$1.runReflectiveCall(FrameworkMethod.java:47)
	at org.junit.internal.runners.model.ReflectiveCallable.run(ReflectiveCallable.java:12)
	at org.junit.runners.model.FrameworkMethod.invokeExplosively(FrameworkMethod.java:44)
	at org.junit.internal.runners.statements.InvokeMethod.evaluate(InvokeMethod.java:17)
	at org.junit.internal.runners.statements.RunBefores.evaluate(RunBefores.java:26)
	at org.springframework.test.context.junit4.statements.RunBeforeTestMethodCallbacks.evaluate(RunBeforeTestMethodCallbacks.java:74)
	at org.junit.internal.runners.statements.RunAfters.evaluate(RunAfters.java:27)
	at org.springframework.test.context.junit4.statements.RunAfterTestMethodCallbacks.evaluate(RunAfterTestMethodCallbacks.java:83)
	at org.springframework.test.context.junit4.statements.SpringRepeat.evaluate(SpringRepeat.java:72)
	at org.springframework.test.context.junit4.SpringJUnit4ClassRunner.runChild(SpringJUnit4ClassRunner.java:233)
	at org.springframework.test.context.junit4.SpringJUnit4ClassRunner.runChild(SpringJUnit4ClassRunner.java:87)
	at org.junit.runners.ParentRunner$3.run(ParentRunner.java:238)
	at org.junit.runners.ParentRunner$1.schedule(ParentRunner.java:63)
	at org.junit.runners.ParentRunner.runChildren(ParentRunner.java:236)
	at org.junit.runners.ParentRunner.access$000(ParentRunner.java:53)
	at org.junit.runners.ParentRunner$2.evaluate(ParentRunner.java:229)
	at org.springframework.test.context.junit4.statements.RunBeforeTestClassCallbacks.evaluate(RunBeforeTestClassCallbacks.java:61)
	at org.springframework.test.context.junit4.statements.RunAfterTestClassCallbacks.evaluate(RunAfterTestClassCallbacks.java:71)
	at org.junit.runners.ParentRunner.run(ParentRunner.java:309)
	at org.springframework.test.context.junit4.SpringJUnit4ClassRunner.run(SpringJUnit4ClassRunner.java:176)
	at org.gradle.api.internal.tasks.testing.junit.JUnitTestClassExecuter.runTestClass(JUnitTestClassExecuter.java:86)
	at org.gradle.api.internal.tasks.testing.junit.JUnitTestClassExecuter.execute(JUnitTestClassExecuter.java:49)
	at org.gradle.api.internal.tasks.testing.junit.JUnitTestClassProcessor.processTestClass(JUnitTestClassProcessor.java:64)
	at org.gradle.api.internal.tasks.testing.SuiteTestClassProcessor.processTestClass(SuiteTestClassProcessor.java:50)
	at sun.reflect.GeneratedMethodAccessor106.invoke(Unknown Source)
	at sun.reflect.DelegatingMethodAccessorImpl.invoke(DelegatingMethodAccessorImpl.java:43)
	at java.lang.reflect.Method.invoke(Method.java:606)
	at org.gradle.messaging.dispatch.ReflectionDispatch.dispatch(ReflectionDispatch.java:35)
	at org.gradle.messaging.dispatch.ReflectionDispatch.dispatch(ReflectionDispatch.java:24)
	at org.gradle.messaging.dispatch.ContextClassLoaderDispatch.dispatch(ContextClassLoaderDispatch.java:32)
	at org.gradle.messaging.dispatch.ProxyDispatchAdapter$DispatchingInvocationHandler.invoke(ProxyDispatchAdapter.java:93)
	at com.sun.proxy.$Proxy2.processTestClass(Unknown Source)
	at org.gradle.api.internal.tasks.testing.worker.TestWorker.processTestClass(TestWorker.java:106)
	at sun.reflect.GeneratedMethodAccessor105.invoke(Unknown Source)
	at sun.reflect.DelegatingMethodAccessorImpl.invoke(DelegatingMethodAccessorImpl.java:43)
	at java.lang.reflect.Method.invoke(Method.java:606)
	at org.gradle.messaging.dispatch.ReflectionDispatch.dispatch(ReflectionDispatch.java:35)
	at org.gradle.messaging.dispatch.ReflectionDispatch.dispatch(ReflectionDispatch.java:24)
	at org.gradle.messaging.remote.internal.hub.MessageHub$Handler.run(MessageHub.java:360)
	at org.gradle.internal.concurrent.DefaultExecutorFactory$StoppableExecutorImpl$1.run(DefaultExecutorFactory.java:64)
	at java.util.concurrent.ThreadPoolExecutor.runWorker(ThreadPoolExecutor.java:1145)
	at java.util.concurrent.ThreadPoolExecutor$Worker.run(ThreadPoolExecutor.java:615)
	at java.lang.Thread.run(Thread.java:745)
com.app.shared.humanresourceboundedcontext.payroll.CostToCompany.educationalAllowance must be less than or equal to 9223372000000000000
com.athena.framework.server.exception.biz.SpartanConstraintViolationException: Exception in validating entity /com.app.shared.humanresourceboundedcontext.payroll.CostToCompany.educationalAllowance must be less than or equal to 9223372000000000000

	at com.athena.framework.server.helper.EntityValidatorHelper.validateEntity(EntityValidatorHelper.java:28)
	at com.app.shared.humanresourceboundedcontext.payroll.CostToCompany.isValid(CostToCompany.java:280)
	at com.app.server.service.humanresourceboundedcontext.payroll.CostToCompanyTestCase.validateCostToCompany(CostToCompanyTestCase.java:495)
	at com.app.server.service.humanresourceboundedcontext.payroll.CostToCompanyTestCase.test5NegativeTesting(CostToCompanyTestCase.java:562)
	at sun.reflect.NativeMethodAccessorImpl.invoke0(Native Method)
	at sun.reflect.NativeMethodAccessorImpl.invoke(NativeMethodAccessorImpl.java:57)
	at sun.reflect.DelegatingMethodAccessorImpl.invoke(DelegatingMethodAccessorImpl.java:43)
	at java.lang.reflect.Method.invoke(Method.java:606)
	at org.junit.runners.model.FrameworkMethod$1.runReflectiveCall(FrameworkMethod.java:47)
	at org.junit.internal.runners.model.ReflectiveCallable.run(ReflectiveCallable.java:12)
	at org.junit.runners.model.FrameworkMethod.invokeExplosively(FrameworkMethod.java:44)
	at org.junit.internal.runners.statements.InvokeMethod.evaluate(InvokeMethod.java:17)
	at org.junit.internal.runners.statements.RunBefores.evaluate(RunBefores.java:26)
	at org.springframework.test.context.junit4.statements.RunBeforeTestMethodCallbacks.evaluate(RunBeforeTestMethodCallbacks.java:74)
	at org.junit.internal.runners.statements.RunAfters.evaluate(RunAfters.java:27)
	at org.springframework.test.context.junit4.statements.RunAfterTestMethodCallbacks.evaluate(RunAfterTestMethodCallbacks.java:83)
	at org.springframework.test.context.junit4.statements.SpringRepeat.evaluate(SpringRepeat.java:72)
	at org.springframework.test.context.junit4.SpringJUnit4ClassRunner.runChild(SpringJUnit4ClassRunner.java:233)
	at org.springframework.test.context.junit4.SpringJUnit4ClassRunner.runChild(SpringJUnit4ClassRunner.java:87)
	at org.junit.runners.ParentRunner$3.run(ParentRunner.java:238)
	at org.junit.runners.ParentRunner$1.schedule(ParentRunner.java:63)
	at org.junit.runners.ParentRunner.runChildren(ParentRunner.java:236)
	at org.junit.runners.ParentRunner.access$000(ParentRunner.java:53)
	at org.junit.runners.ParentRunner$2.evaluate(ParentRunner.java:229)
	at org.springframework.test.context.junit4.statements.RunBeforeTestClassCallbacks.evaluate(RunBeforeTestClassCallbacks.java:61)
	at org.springframework.test.context.junit4.statements.RunAfterTestClassCallbacks.evaluate(RunAfterTestClassCallbacks.java:71)
	at org.junit.runners.ParentRunner.run(ParentRunner.java:309)
	at org.springframework.test.context.junit4.SpringJUnit4ClassRunner.run(SpringJUnit4ClassRunner.java:176)
	at org.gradle.api.internal.tasks.testing.junit.JUnitTestClassExecuter.runTestClass(JUnitTestClassExecuter.java:86)
	at org.gradle.api.internal.tasks.testing.junit.JUnitTestClassExecuter.execute(JUnitTestClassExecuter.java:49)
	at org.gradle.api.internal.tasks.testing.junit.JUnitTestClassProcessor.processTestClass(JUnitTestClassProcessor.java:64)
	at org.gradle.api.internal.tasks.testing.SuiteTestClassProcessor.processTestClass(SuiteTestClassProcessor.java:50)
	at sun.reflect.GeneratedMethodAccessor106.invoke(Unknown Source)
	at sun.reflect.DelegatingMethodAccessorImpl.invoke(DelegatingMethodAccessorImpl.java:43)
	at java.lang.reflect.Method.invoke(Method.java:606)
	at org.gradle.messaging.dispatch.ReflectionDispatch.dispatch(ReflectionDispatch.java:35)
	at org.gradle.messaging.dispatch.ReflectionDispatch.dispatch(ReflectionDispatch.java:24)
	at org.gradle.messaging.dispatch.ContextClassLoaderDispatch.dispatch(ContextClassLoaderDispatch.java:32)
	at org.gradle.messaging.dispatch.ProxyDispatchAdapter$DispatchingInvocationHandler.invoke(ProxyDispatchAdapter.java:93)
	at com.sun.proxy.$Proxy2.processTestClass(Unknown Source)
	at org.gradle.api.internal.tasks.testing.worker.TestWorker.processTestClass(TestWorker.java:106)
	at sun.reflect.GeneratedMethodAccessor105.invoke(Unknown Source)
	at sun.reflect.DelegatingMethodAccessorImpl.invoke(DelegatingMethodAccessorImpl.java:43)
	at java.lang.reflect.Method.invoke(Method.java:606)
	at org.gradle.messaging.dispatch.ReflectionDispatch.dispatch(ReflectionDispatch.java:35)
	at org.gradle.messaging.dispatch.ReflectionDispatch.dispatch(ReflectionDispatch.java:24)
	at org.gradle.messaging.remote.internal.hub.MessageHub$Handler.run(MessageHub.java:360)
	at org.gradle.internal.concurrent.DefaultExecutorFactory$StoppableExecutorImpl$1.run(DefaultExecutorFactory.java:64)
	at java.util.concurrent.ThreadPoolExecutor.runWorker(ThreadPoolExecutor.java:1145)
	at java.util.concurrent.ThreadPoolExecutor$Worker.run(ThreadPoolExecutor.java:615)
	at java.lang.Thread.run(Thread.java:745)
com.app.shared.humanresourceboundedcontext.payroll.CostToCompany.specailAllowance must be less than or equal to 9223372000000000000
com.athena.framework.server.exception.biz.SpartanConstraintViolationException: Exception in validating entity /com.app.shared.humanresourceboundedcontext.payroll.CostToCompany.specailAllowance must be less than or equal to 9223372000000000000

	at com.athena.framework.server.helper.EntityValidatorHelper.validateEntity(EntityValidatorHelper.java:28)
	at com.app.shared.humanresourceboundedcontext.payroll.CostToCompany.isValid(CostToCompany.java:280)
	at com.app.server.service.humanresourceboundedcontext.payroll.CostToCompanyTestCase.validateCostToCompany(CostToCompanyTestCase.java:495)
	at com.app.server.service.humanresourceboundedcontext.payroll.CostToCompanyTestCase.test5NegativeTesting(CostToCompanyTestCase.java:567)
	at sun.reflect.NativeMethodAccessorImpl.invoke0(Native Method)
	at sun.reflect.NativeMethodAccessorImpl.invoke(NativeMethodAccessorImpl.java:57)
	at sun.reflect.DelegatingMethodAccessorImpl.invoke(DelegatingMethodAccessorImpl.java:43)
	at java.lang.reflect.Method.invoke(Method.java:606)
	at org.junit.runners.model.FrameworkMethod$1.runReflectiveCall(FrameworkMethod.java:47)
	at org.junit.internal.runners.model.ReflectiveCallable.run(ReflectiveCallable.java:12)
	at org.junit.runners.model.FrameworkMethod.invokeExplosively(FrameworkMethod.java:44)
	at org.junit.internal.runners.statements.InvokeMethod.evaluate(InvokeMethod.java:17)
	at org.junit.internal.runners.statements.RunBefores.evaluate(RunBefores.java:26)
	at org.springframework.test.context.junit4.statements.RunBeforeTestMethodCallbacks.evaluate(RunBeforeTestMethodCallbacks.java:74)
	at org.junit.internal.runners.statements.RunAfters.evaluate(RunAfters.java:27)
	at org.springframework.test.context.junit4.statements.RunAfterTestMethodCallbacks.evaluate(RunAfterTestMethodCallbacks.java:83)
	at org.springframework.test.context.junit4.statements.SpringRepeat.evaluate(SpringRepeat.java:72)
	at org.springframework.test.context.junit4.SpringJUnit4ClassRunner.runChild(SpringJUnit4ClassRunner.java:233)
	at org.springframework.test.context.junit4.SpringJUnit4ClassRunner.runChild(SpringJUnit4ClassRunner.java:87)
	at org.junit.runners.ParentRunner$3.run(ParentRunner.java:238)
	at org.junit.runners.ParentRunner$1.schedule(ParentRunner.java:63)
	at org.junit.runners.ParentRunner.runChildren(ParentRunner.java:236)
	at org.junit.runners.ParentRunner.access$000(ParentRunner.java:53)
	at org.junit.runners.ParentRunner$2.evaluate(ParentRunner.java:229)
	at org.springframework.test.context.junit4.statements.RunBeforeTestClassCallbacks.evaluate(RunBeforeTestClassCallbacks.java:61)
	at org.springframework.test.context.junit4.statements.RunAfterTestClassCallbacks.evaluate(RunAfterTestClassCallbacks.java:71)
	at org.junit.runners.ParentRunner.run(ParentRunner.java:309)
	at org.springframework.test.context.junit4.SpringJUnit4ClassRunner.run(SpringJUnit4ClassRunner.java:176)
	at org.gradle.api.internal.tasks.testing.junit.JUnitTestClassExecuter.runTestClass(JUnitTestClassExecuter.java:86)
	at org.gradle.api.internal.tasks.testing.junit.JUnitTestClassExecuter.execute(JUnitTestClassExecuter.java:49)
	at org.gradle.api.internal.tasks.testing.junit.JUnitTestClassProcessor.processTestClass(JUnitTestClassProcessor.java:64)
	at org.gradle.api.internal.tasks.testing.SuiteTestClassProcessor.processTestClass(SuiteTestClassProcessor.java:50)
	at sun.reflect.GeneratedMethodAccessor106.invoke(Unknown Source)
	at sun.reflect.DelegatingMethodAccessorImpl.invoke(DelegatingMethodAccessorImpl.java:43)
	at java.lang.reflect.Method.invoke(Method.java:606)
	at org.gradle.messaging.dispatch.ReflectionDispatch.dispatch(ReflectionDispatch.java:35)
	at org.gradle.messaging.dispatch.ReflectionDispatch.dispatch(ReflectionDispatch.java:24)
	at org.gradle.messaging.dispatch.ContextClassLoaderDispatch.dispatch(ContextClassLoaderDispatch.java:32)
	at org.gradle.messaging.dispatch.ProxyDispatchAdapter$DispatchingInvocationHandler.invoke(ProxyDispatchAdapter.java:93)
	at com.sun.proxy.$Proxy2.processTestClass(Unknown Source)
	at org.gradle.api.internal.tasks.testing.worker.TestWorker.processTestClass(TestWorker.java:106)
	at sun.reflect.GeneratedMethodAccessor105.invoke(Unknown Source)
	at sun.reflect.DelegatingMethodAccessorImpl.invoke(DelegatingMethodAccessorImpl.java:43)
	at java.lang.reflect.Method.invoke(Method.java:606)
	at org.gradle.messaging.dispatch.ReflectionDispatch.dispatch(ReflectionDispatch.java:35)
	at org.gradle.messaging.dispatch.ReflectionDispatch.dispatch(ReflectionDispatch.java:24)
	at org.gradle.messaging.remote.internal.hub.MessageHub$Handler.run(MessageHub.java:360)
	at org.gradle.internal.concurrent.DefaultExecutorFactory$StoppableExecutorImpl$1.run(DefaultExecutorFactory.java:64)
	at java.util.concurrent.ThreadPoolExecutor.runWorker(ThreadPoolExecutor.java:1145)
	at java.util.concurrent.ThreadPoolExecutor$Worker.run(ThreadPoolExecutor.java:615)
	at java.lang.Thread.run(Thread.java:745)
com.app.shared.humanresourceboundedcontext.payroll.CostToCompany.perk must be less than or equal to 9223372000000000000
com.athena.framework.server.exception.biz.SpartanConstraintViolationException: Exception in validating entity /com.app.shared.humanresourceboundedcontext.payroll.CostToCompany.perk must be less than or equal to 9223372000000000000

	at com.athena.framework.server.helper.EntityValidatorHelper.validateEntity(EntityValidatorHelper.java:28)
	at com.app.shared.humanresourceboundedcontext.payroll.CostToCompany.isValid(CostToCompany.java:280)
	at com.app.server.service.humanresourceboundedcontext.payroll.CostToCompanyTestCase.validateCostToCompany(CostToCompanyTestCase.java:495)
	at com.app.server.service.humanresourceboundedcontext.payroll.CostToCompanyTestCase.test5NegativeTesting(CostToCompanyTestCase.java:572)
	at sun.reflect.NativeMethodAccessorImpl.invoke0(Native Method)
	at sun.reflect.NativeMethodAccessorImpl.invoke(NativeMethodAccessorImpl.java:57)
	at sun.reflect.DelegatingMethodAccessorImpl.invoke(DelegatingMethodAccessorImpl.java:43)
	at java.lang.reflect.Method.invoke(Method.java:606)
	at org.junit.runners.model.FrameworkMethod$1.runReflectiveCall(FrameworkMethod.java:47)
	at org.junit.internal.runners.model.ReflectiveCallable.run(ReflectiveCallable.java:12)
	at org.junit.runners.model.FrameworkMethod.invokeExplosively(FrameworkMethod.java:44)
	at org.junit.internal.runners.statements.InvokeMethod.evaluate(InvokeMethod.java:17)
	at org.junit.internal.runners.statements.RunBefores.evaluate(RunBefores.java:26)
	at org.springframework.test.context.junit4.statements.RunBeforeTestMethodCallbacks.evaluate(RunBeforeTestMethodCallbacks.java:74)
	at org.junit.internal.runners.statements.RunAfters.evaluate(RunAfters.java:27)
	at org.springframework.test.context.junit4.statements.RunAfterTestMethodCallbacks.evaluate(RunAfterTestMethodCallbacks.java:83)
	at org.springframework.test.context.junit4.statements.SpringRepeat.evaluate(SpringRepeat.java:72)
	at org.springframework.test.context.junit4.SpringJUnit4ClassRunner.runChild(SpringJUnit4ClassRunner.java:233)
	at org.springframework.test.context.junit4.SpringJUnit4ClassRunner.runChild(SpringJUnit4ClassRunner.java:87)
	at org.junit.runners.ParentRunner$3.run(ParentRunner.java:238)
	at org.junit.runners.ParentRunner$1.schedule(ParentRunner.java:63)
	at org.junit.runners.ParentRunner.runChildren(ParentRunner.java:236)
	at org.junit.runners.ParentRunner.access$000(ParentRunner.java:53)
	at org.junit.runners.ParentRunner$2.evaluate(ParentRunner.java:229)
	at org.springframework.test.context.junit4.statements.RunBeforeTestClassCallbacks.evaluate(RunBeforeTestClassCallbacks.java:61)
	at org.springframework.test.context.junit4.statements.RunAfterTestClassCallbacks.evaluate(RunAfterTestClassCallbacks.java:71)
	at org.junit.runners.ParentRunner.run(ParentRunner.java:309)
	at org.springframework.test.context.junit4.SpringJUnit4ClassRunner.run(SpringJUnit4ClassRunner.java:176)
	at org.gradle.api.internal.tasks.testing.junit.JUnitTestClassExecuter.runTestClass(JUnitTestClassExecuter.java:86)
	at org.gradle.api.internal.tasks.testing.junit.JUnitTestClassExecuter.execute(JUnitTestClassExecuter.java:49)
	at org.gradle.api.internal.tasks.testing.junit.JUnitTestClassProcessor.processTestClass(JUnitTestClassProcessor.java:64)
	at org.gradle.api.internal.tasks.testing.SuiteTestClassProcessor.processTestClass(SuiteTestClassProcessor.java:50)
	at sun.reflect.GeneratedMethodAccessor106.invoke(Unknown Source)
	at sun.reflect.DelegatingMethodAccessorImpl.invoke(DelegatingMethodAccessorImpl.java:43)
	at java.lang.reflect.Method.invoke(Method.java:606)
	at org.gradle.messaging.dispatch.ReflectionDispatch.dispatch(ReflectionDispatch.java:35)
	at org.gradle.messaging.dispatch.ReflectionDispatch.dispatch(ReflectionDispatch.java:24)
	at org.gradle.messaging.dispatch.ContextClassLoaderDispatch.dispatch(ContextClassLoaderDispatch.java:32)
	at org.gradle.messaging.dispatch.ProxyDispatchAdapter$DispatchingInvocationHandler.invoke(ProxyDispatchAdapter.java:93)
	at com.sun.proxy.$Proxy2.processTestClass(Unknown Source)
	at org.gradle.api.internal.tasks.testing.worker.TestWorker.processTestClass(TestWorker.java:106)
	at sun.reflect.GeneratedMethodAccessor105.invoke(Unknown Source)
	at sun.reflect.DelegatingMethodAccessorImpl.invoke(DelegatingMethodAccessorImpl.java:43)
	at java.lang.reflect.Method.invoke(Method.java:606)
	at org.gradle.messaging.dispatch.ReflectionDispatch.dispatch(ReflectionDispatch.java:35)
	at org.gradle.messaging.dispatch.ReflectionDispatch.dispatch(ReflectionDispatch.java:24)
	at org.gradle.messaging.remote.internal.hub.MessageHub$Handler.run(MessageHub.java:360)
	at org.gradle.internal.concurrent.DefaultExecutorFactory$StoppableExecutorImpl$1.run(DefaultExecutorFactory.java:64)
	at java.util.concurrent.ThreadPoolExecutor.runWorker(ThreadPoolExecutor.java:1145)
	at java.util.concurrent.ThreadPoolExecutor$Worker.run(ThreadPoolExecutor.java:615)
	at java.lang.Thread.run(Thread.java:745)
com.app.shared.humanresourceboundedcontext.payroll.CostToCompany.totalCTC may not be null
com.athena.framework.server.exception.biz.SpartanConstraintViolationException: Exception in validating entity /com.app.shared.humanresourceboundedcontext.payroll.CostToCompany.totalCTC may not be null

	at com.athena.framework.server.helper.EntityValidatorHelper.validateEntity(EntityValidatorHelper.java:28)
	at com.app.shared.humanresourceboundedcontext.payroll.CostToCompany.isValid(CostToCompany.java:280)
	at com.app.server.service.humanresourceboundedcontext.payroll.CostToCompanyTestCase.validateCostToCompany(CostToCompanyTestCase.java:497)
	at com.app.server.service.humanresourceboundedcontext.payroll.CostToCompanyTestCase.test5NegativeTesting(CostToCompanyTestCase.java:578)
	at sun.reflect.NativeMethodAccessorImpl.invoke0(Native Method)
	at sun.reflect.NativeMethodAccessorImpl.invoke(NativeMethodAccessorImpl.java:57)
	at sun.reflect.DelegatingMethodAccessorImpl.invoke(DelegatingMethodAccessorImpl.java:43)
	at java.lang.reflect.Method.invoke(Method.java:606)
	at org.junit.runners.model.FrameworkMethod$1.runReflectiveCall(FrameworkMethod.java:47)
	at org.junit.internal.runners.model.ReflectiveCallable.run(ReflectiveCallable.java:12)
	at org.junit.runners.model.FrameworkMethod.invokeExplosively(FrameworkMethod.java:44)
	at org.junit.internal.runners.statements.InvokeMethod.evaluate(InvokeMethod.java:17)
	at org.junit.internal.runners.statements.RunBefores.evaluate(RunBefores.java:26)
	at org.springframework.test.context.junit4.statements.RunBeforeTestMethodCallbacks.evaluate(RunBeforeTestMethodCallbacks.java:74)
	at org.junit.internal.runners.statements.RunAfters.evaluate(RunAfters.java:27)
	at org.springframework.test.context.junit4.statements.RunAfterTestMethodCallbacks.evaluate(RunAfterTestMethodCallbacks.java:83)
	at org.springframework.test.context.junit4.statements.SpringRepeat.evaluate(SpringRepeat.java:72)
	at org.springframework.test.context.junit4.SpringJUnit4ClassRunner.runChild(SpringJUnit4ClassRunner.java:233)
	at org.springframework.test.context.junit4.SpringJUnit4ClassRunner.runChild(SpringJUnit4ClassRunner.java:87)
	at org.junit.runners.ParentRunner$3.run(ParentRunner.java:238)
	at org.junit.runners.ParentRunner$1.schedule(ParentRunner.java:63)
	at org.junit.runners.ParentRunner.runChildren(ParentRunner.java:236)
	at org.junit.runners.ParentRunner.access$000(ParentRunner.java:53)
	at org.junit.runners.ParentRunner$2.evaluate(ParentRunner.java:229)
	at org.springframework.test.context.junit4.statements.RunBeforeTestClassCallbacks.evaluate(RunBeforeTestClassCallbacks.java:61)
	at org.springframework.test.context.junit4.statements.RunAfterTestClassCallbacks.evaluate(RunAfterTestClassCallbacks.java:71)
	at org.junit.runners.ParentRunner.run(ParentRunner.java:309)
	at org.springframework.test.context.junit4.SpringJUnit4ClassRunner.run(SpringJUnit4ClassRunner.java:176)
	at org.gradle.api.internal.tasks.testing.junit.JUnitTestClassExecuter.runTestClass(JUnitTestClassExecuter.java:86)
	at org.gradle.api.internal.tasks.testing.junit.JUnitTestClassExecuter.execute(JUnitTestClassExecuter.java:49)
	at org.gradle.api.internal.tasks.testing.junit.JUnitTestClassProcessor.processTestClass(JUnitTestClassProcessor.java:64)
	at org.gradle.api.internal.tasks.testing.SuiteTestClassProcessor.processTestClass(SuiteTestClassProcessor.java:50)
	at sun.reflect.GeneratedMethodAccessor106.invoke(Unknown Source)
	at sun.reflect.DelegatingMethodAccessorImpl.invoke(DelegatingMethodAccessorImpl.java:43)
	at java.lang.reflect.Method.invoke(Method.java:606)
	at org.gradle.messaging.dispatch.ReflectionDispatch.dispatch(ReflectionDispatch.java:35)
	at org.gradle.messaging.dispatch.ReflectionDispatch.dispatch(ReflectionDispatch.java:24)
	at org.gradle.messaging.dispatch.ContextClassLoaderDispatch.dispatch(ContextClassLoaderDispatch.java:32)
	at org.gradle.messaging.dispatch.ProxyDispatchAdapter$DispatchingInvocationHandler.invoke(ProxyDispatchAdapter.java:93)
	at com.sun.proxy.$Proxy2.processTestClass(Unknown Source)
	at org.gradle.api.internal.tasks.testing.worker.TestWorker.processTestClass(TestWorker.java:106)
	at sun.reflect.GeneratedMethodAccessor105.invoke(Unknown Source)
	at sun.reflect.DelegatingMethodAccessorImpl.invoke(DelegatingMethodAccessorImpl.java:43)
	at java.lang.reflect.Method.invoke(Method.java:606)
	at org.gradle.messaging.dispatch.ReflectionDispatch.dispatch(ReflectionDispatch.java:35)
	at org.gradle.messaging.dispatch.ReflectionDispatch.dispatch(ReflectionDispatch.java:24)
	at org.gradle.messaging.remote.internal.hub.MessageHub$Handler.run(MessageHub.java:360)
	at org.gradle.internal.concurrent.DefaultExecutorFactory$StoppableExecutorImpl$1.run(DefaultExecutorFactory.java:64)
	at java.util.concurrent.ThreadPoolExecutor.runWorker(ThreadPoolExecutor.java:1145)
	at java.util.concurrent.ThreadPoolExecutor$Worker.run(ThreadPoolExecutor.java:615)
	at java.lang.Thread.run(Thread.java:745)
com.app.shared.humanresourceboundedcontext.payroll.CostToCompany.totalCTC must be less than or equal to 9223372000000000000
com.athena.framework.server.exception.biz.SpartanConstraintViolationException: Exception in validating entity /com.app.shared.humanresourceboundedcontext.payroll.CostToCompany.totalCTC must be less than or equal to 9223372000000000000

	at com.athena.framework.server.helper.EntityValidatorHelper.validateEntity(EntityValidatorHelper.java:28)
	at com.app.shared.humanresourceboundedcontext.payroll.CostToCompany.isValid(CostToCompany.java:280)
	at com.app.server.service.humanresourceboundedcontext.payroll.CostToCompanyTestCase.validateCostToCompany(CostToCompanyTestCase.java:495)
	at com.app.server.service.humanresourceboundedcontext.payroll.CostToCompanyTestCase.test5NegativeTesting(CostToCompanyTestCase.java:583)
	at sun.reflect.NativeMethodAccessorImpl.invoke0(Native Method)
	at sun.reflect.NativeMethodAccessorImpl.invoke(NativeMethodAccessorImpl.java:57)
	at sun.reflect.DelegatingMethodAccessorImpl.invoke(DelegatingMethodAccessorImpl.java:43)
	at java.lang.reflect.Method.invoke(Method.java:606)
	at org.junit.runners.model.FrameworkMethod$1.runReflectiveCall(FrameworkMethod.java:47)
	at org.junit.internal.runners.model.ReflectiveCallable.run(ReflectiveCallable.java:12)
	at org.junit.runners.model.FrameworkMethod.invokeExplosively(FrameworkMethod.java:44)
	at org.junit.internal.runners.statements.InvokeMethod.evaluate(InvokeMethod.java:17)
	at org.junit.internal.runners.statements.RunBefores.evaluate(RunBefores.java:26)
	at org.springframework.test.context.junit4.statements.RunBeforeTestMethodCallbacks.evaluate(RunBeforeTestMethodCallbacks.java:74)
	at org.junit.internal.runners.statements.RunAfters.evaluate(RunAfters.java:27)
	at org.springframework.test.context.junit4.statements.RunAfterTestMethodCallbacks.evaluate(RunAfterTestMethodCallbacks.java:83)
	at org.springframework.test.context.junit4.statements.SpringRepeat.evaluate(SpringRepeat.java:72)
	at org.springframework.test.context.junit4.SpringJUnit4ClassRunner.runChild(SpringJUnit4ClassRunner.java:233)
	at org.springframework.test.context.junit4.SpringJUnit4ClassRunner.runChild(SpringJUnit4ClassRunner.java:87)
	at org.junit.runners.ParentRunner$3.run(ParentRunner.java:238)
	at org.junit.runners.ParentRunner$1.schedule(ParentRunner.java:63)
	at org.junit.runners.ParentRunner.runChildren(ParentRunner.java:236)
	at org.junit.runners.ParentRunner.access$000(ParentRunner.java:53)
	at org.junit.runners.ParentRunner$2.evaluate(ParentRunner.java:229)
	at org.springframework.test.context.junit4.statements.RunBeforeTestClassCallbacks.evaluate(RunBeforeTestClassCallbacks.java:61)
	at org.springframework.test.context.junit4.statements.RunAfterTestClassCallbacks.evaluate(RunAfterTestClassCallbacks.java:71)
	at org.junit.runners.ParentRunner.run(ParentRunner.java:309)
	at org.springframework.test.context.junit4.SpringJUnit4ClassRunner.run(SpringJUnit4ClassRunner.java:176)
	at org.gradle.api.internal.tasks.testing.junit.JUnitTestClassExecuter.runTestClass(JUnitTestClassExecuter.java:86)
	at org.gradle.api.internal.tasks.testing.junit.JUnitTestClassExecuter.execute(JUnitTestClassExecuter.java:49)
	at org.gradle.api.internal.tasks.testing.junit.JUnitTestClassProcessor.processTestClass(JUnitTestClassProcessor.java:64)
	at org.gradle.api.internal.tasks.testing.SuiteTestClassProcessor.processTestClass(SuiteTestClassProcessor.java:50)
	at sun.reflect.GeneratedMethodAccessor106.invoke(Unknown Source)
	at sun.reflect.DelegatingMethodAccessorImpl.invoke(DelegatingMethodAccessorImpl.java:43)
	at java.lang.reflect.Method.invoke(Method.java:606)
	at org.gradle.messaging.dispatch.ReflectionDispatch.dispatch(ReflectionDispatch.java:35)
	at org.gradle.messaging.dispatch.ReflectionDispatch.dispatch(ReflectionDispatch.java:24)
	at org.gradle.messaging.dispatch.ContextClassLoaderDispatch.dispatch(ContextClassLoaderDispatch.java:32)
	at org.gradle.messaging.dispatch.ProxyDispatchAdapter$DispatchingInvocationHandler.invoke(ProxyDispatchAdapter.java:93)
	at com.sun.proxy.$Proxy2.processTestClass(Unknown Source)
	at org.gradle.api.internal.tasks.testing.worker.TestWorker.processTestClass(TestWorker.java:106)
	at sun.reflect.GeneratedMethodAccessor105.invoke(Unknown Source)
	at sun.reflect.DelegatingMethodAccessorImpl.invoke(DelegatingMethodAccessorImpl.java:43)
	at java.lang.reflect.Method.invoke(Method.java:606)
	at org.gradle.messaging.dispatch.ReflectionDispatch.dispatch(ReflectionDispatch.java:35)
	at org.gradle.messaging.dispatch.ReflectionDispatch.dispatch(ReflectionDispatch.java:24)
	at org.gradle.messaging.remote.internal.hub.MessageHub$Handler.run(MessageHub.java:360)
	at org.gradle.internal.concurrent.DefaultExecutorFactory$StoppableExecutorImpl$1.run(DefaultExecutorFactory.java:64)
	at java.util.concurrent.ThreadPoolExecutor.runWorker(ThreadPoolExecutor.java:1145)
	at java.util.concurrent.ThreadPoolExecutor$Worker.run(ThreadPoolExecutor.java:615)
	at java.lang.Thread.run(Thread.java:745)
com.app.shared.humanresourceboundedcontext.payroll.CostToCompany.takeHome must be less than or equal to 9223372000000000000
com.athena.framework.server.exception.biz.SpartanConstraintViolationException: Exception in validating entity /com.app.shared.humanresourceboundedcontext.payroll.CostToCompany.takeHome must be less than or equal to 9223372000000000000

	at com.athena.framework.server.helper.EntityValidatorHelper.validateEntity(EntityValidatorHelper.java:28)
	at com.app.shared.humanresourceboundedcontext.payroll.CostToCompany.isValid(CostToCompany.java:280)
	at com.app.server.service.humanresourceboundedcontext.payroll.CostToCompanyTestCase.validateCostToCompany(CostToCompanyTestCase.java:495)
	at com.app.server.service.humanresourceboundedcontext.payroll.CostToCompanyTestCase.test5NegativeTesting(CostToCompanyTestCase.java:588)
	at sun.reflect.NativeMethodAccessorImpl.invoke0(Native Method)
	at sun.reflect.NativeMethodAccessorImpl.invoke(NativeMethodAccessorImpl.java:57)
	at sun.reflect.DelegatingMethodAccessorImpl.invoke(DelegatingMethodAccessorImpl.java:43)
	at java.lang.reflect.Method.invoke(Method.java:606)
	at org.junit.runners.model.FrameworkMethod$1.runReflectiveCall(FrameworkMethod.java:47)
	at org.junit.internal.runners.model.ReflectiveCallable.run(ReflectiveCallable.java:12)
	at org.junit.runners.model.FrameworkMethod.invokeExplosively(FrameworkMethod.java:44)
	at org.junit.internal.runners.statements.InvokeMethod.evaluate(InvokeMethod.java:17)
	at org.junit.internal.runners.statements.RunBefores.evaluate(RunBefores.java:26)
	at org.springframework.test.context.junit4.statements.RunBeforeTestMethodCallbacks.evaluate(RunBeforeTestMethodCallbacks.java:74)
	at org.junit.internal.runners.statements.RunAfters.evaluate(RunAfters.java:27)
	at org.springframework.test.context.junit4.statements.RunAfterTestMethodCallbacks.evaluate(RunAfterTestMethodCallbacks.java:83)
	at org.springframework.test.context.junit4.statements.SpringRepeat.evaluate(SpringRepeat.java:72)
	at org.springframework.test.context.junit4.SpringJUnit4ClassRunner.runChild(SpringJUnit4ClassRunner.java:233)
	at org.springframework.test.context.junit4.SpringJUnit4ClassRunner.runChild(SpringJUnit4ClassRunner.java:87)
	at org.junit.runners.ParentRunner$3.run(ParentRunner.java:238)
	at org.junit.runners.ParentRunner$1.schedule(ParentRunner.java:63)
	at org.junit.runners.ParentRunner.runChildren(ParentRunner.java:236)
	at org.junit.runners.ParentRunner.access$000(ParentRunner.java:53)
	at org.junit.runners.ParentRunner$2.evaluate(ParentRunner.java:229)
	at org.springframework.test.context.junit4.statements.RunBeforeTestClassCallbacks.evaluate(RunBeforeTestClassCallbacks.java:61)
	at org.springframework.test.context.junit4.statements.RunAfterTestClassCallbacks.evaluate(RunAfterTestClassCallbacks.java:71)
	at org.junit.runners.ParentRunner.run(ParentRunner.java:309)
	at org.springframework.test.context.junit4.SpringJUnit4ClassRunner.run(SpringJUnit4ClassRunner.java:176)
	at org.gradle.api.internal.tasks.testing.junit.JUnitTestClassExecuter.runTestClass(JUnitTestClassExecuter.java:86)
	at org.gradle.api.internal.tasks.testing.junit.JUnitTestClassExecuter.execute(JUnitTestClassExecuter.java:49)
	at org.gradle.api.internal.tasks.testing.junit.JUnitTestClassProcessor.processTestClass(JUnitTestClassProcessor.java:64)
	at org.gradle.api.internal.tasks.testing.SuiteTestClassProcessor.processTestClass(SuiteTestClassProcessor.java:50)
	at sun.reflect.GeneratedMethodAccessor106.invoke(Unknown Source)
	at sun.reflect.DelegatingMethodAccessorImpl.invoke(DelegatingMethodAccessorImpl.java:43)
	at java.lang.reflect.Method.invoke(Method.java:606)
	at org.gradle.messaging.dispatch.ReflectionDispatch.dispatch(ReflectionDispatch.java:35)
	at org.gradle.messaging.dispatch.ReflectionDispatch.dispatch(ReflectionDispatch.java:24)
	at org.gradle.messaging.dispatch.ContextClassLoaderDispatch.dispatch(ContextClassLoaderDispatch.java:32)
	at org.gradle.messaging.dispatch.ProxyDispatchAdapter$DispatchingInvocationHandler.invoke(ProxyDispatchAdapter.java:93)
	at com.sun.proxy.$Proxy2.processTestClass(Unknown Source)
	at org.gradle.api.internal.tasks.testing.worker.TestWorker.processTestClass(TestWorker.java:106)
	at sun.reflect.GeneratedMethodAccessor105.invoke(Unknown Source)
	at sun.reflect.DelegatingMethodAccessorImpl.invoke(DelegatingMethodAccessorImpl.java:43)
	at java.lang.reflect.Method.invoke(Method.java:606)
	at org.gradle.messaging.dispatch.ReflectionDispatch.dispatch(ReflectionDispatch.java:35)
	at org.gradle.messaging.dispatch.ReflectionDispatch.dispatch(ReflectionDispatch.java:24)
	at org.gradle.messaging.remote.internal.hub.MessageHub$Handler.run(MessageHub.java:360)
	at org.gradle.internal.concurrent.DefaultExecutorFactory$StoppableExecutorImpl$1.run(DefaultExecutorFactory.java:64)
	at java.util.concurrent.ThreadPoolExecutor.runWorker(ThreadPoolExecutor.java:1145)
	at java.util.concurrent.ThreadPoolExecutor$Worker.run(ThreadPoolExecutor.java:615)
	at java.lang.Thread.run(Thread.java:745)
]]></system-err>
</testsuite>
